{"/Users/melon95/repository/react-hooks/src/createStorageState/index.ts": {"path":"/Users/melon95/repository/react-hooks/src/createStorageState/index.ts","statementMap":{"0":{"start":{"line":11,"column":27},"end":{"line":35,"column":1}},"1":{"start":{"line":12,"column":2},"end":{"line":34,"column":3}},"2":{"start":{"line":13,"column":83},"end":{"line":13,"column":90}},"3":{"start":{"line":15,"column":30},"end":{"line":21,"column":6}},"4":{"start":{"line":16,"column":34},"end":{"line":16,"column":54}},"5":{"start":{"line":17,"column":6},"end":{"line":19,"column":7}},"6":{"start":{"line":18,"column":8},"end":{"line":18,"column":47}},"7":{"start":{"line":20,"column":6},"end":{"line":20,"column":69}},"8":{"start":{"line":23,"column":24},"end":{"line":31,"column":31}},"9":{"start":{"line":24,"column":21},"end":{"line":24,"column":61}},"10":{"start":{"line":25,"column":6},"end":{"line":25,"column":23}},"11":{"start":{"line":26,"column":6},"end":{"line":30,"column":7}},"12":{"start":{"line":27,"column":8},"end":{"line":27,"column":31}},"13":{"start":{"line":29,"column":8},"end":{"line":29,"column":47}},"14":{"start":{"line":33,"column":4},"end":{"line":33,"column":31}}},"fnMap":{"0":{"name":"(anonymous_0)","decl":{"start":{"line":11,"column":27},"end":{"line":11,"column":28}},"loc":{"start":{"line":11,"column":49},"end":{"line":35,"column":1}},"line":11},"1":{"name":"(anonymous_1)","decl":{"start":{"line":12,"column":9},"end":{"line":12,"column":10}},"loc":{"start":{"line":12,"column":100},"end":{"line":34,"column":3}},"line":12},"2":{"name":"(anonymous_2)","decl":{"start":{"line":15,"column":42},"end":{"line":15,"column":43}},"loc":{"start":{"line":15,"column":48},"end":{"line":21,"column":5}},"line":15},"3":{"name":"(anonymous_3)","decl":{"start":{"line":23,"column":36},"end":{"line":23,"column":37}},"loc":{"start":{"line":23,"column":67},"end":{"line":31,"column":5}},"line":23}},"branchMap":{"0":{"loc":{"start":{"line":12,"column":26},"end":{"line":12,"column":50}},"type":"default-arg","locations":[{"start":{"line":12,"column":48},"end":{"line":12,"column":50}}],"line":12},"1":{"loc":{"start":{"line":13,"column":26},"end":{"line":13,"column":52}},"type":"default-arg","locations":[{"start":{"line":13,"column":38},"end":{"line":13,"column":52}}],"line":13},"2":{"loc":{"start":{"line":13,"column":54},"end":{"line":13,"column":78}},"type":"default-arg","locations":[{"start":{"line":13,"column":68},"end":{"line":13,"column":78}}],"line":13},"3":{"loc":{"start":{"line":17,"column":6},"end":{"line":19,"column":7}},"type":"if","locations":[{"start":{"line":17,"column":6},"end":{"line":19,"column":7}},{"start":{},"end":{}}],"line":17},"4":{"loc":{"start":{"line":20,"column":13},"end":{"line":20,"column":69}},"type":"cond-expr","locations":[{"start":{"line":20,"column":40},"end":{"line":20,"column":54}},{"start":{"line":20,"column":57},"end":{"line":20,"column":69}}],"line":20},"5":{"loc":{"start":{"line":24,"column":21},"end":{"line":24,"column":61}},"type":"cond-expr","locations":[{"start":{"line":24,"column":41},"end":{"line":24,"column":53}},{"start":{"line":24,"column":56},"end":{"line":24,"column":61}}],"line":24},"6":{"loc":{"start":{"line":26,"column":6},"end":{"line":30,"column":7}},"type":"if","locations":[{"start":{"line":26,"column":6},"end":{"line":30,"column":7}},{"start":{"line":28,"column":13},"end":{"line":30,"column":7}}],"line":26}},"s":{"0":2,"1":2,"2":15,"3":15,"4":8,"5":8,"6":4,"7":4,"8":15,"9":7,"10":7,"11":7,"12":2,"13":5,"14":15},"f":{"0":2,"1":15,"2":8,"3":7},"b":{"0":[7],"1":[15],"2":[15],"3":[4,4],"4":[0,4],"5":[0,7],"6":[2,5]},"_coverageSchema":"1a1c01bbd47fc00a2c39e90264f33305004495a9","hash":"f813a9fb41b1d2a3c06fd0dfe3112de6051f63e7"}
,"/Users/melon95/repository/react-hooks/src/useBoolean/index.ts": {"path":"/Users/melon95/repository/react-hooks/src/useBoolean/index.ts","statementMap":{"0":{"start":{"line":12,"column":19},"end":{"line":26,"column":1}},"1":{"start":{"line":13,"column":28},"end":{"line":13,"column":59}},"2":{"start":{"line":14,"column":18},"end":{"line":24,"column":8}},"3":{"start":{"line":15,"column":21},"end":{"line":15,"column":42}},"4":{"start":{"line":15,"column":27},"end":{"line":15,"column":42}},"5":{"start":{"line":16,"column":20},"end":{"line":16,"column":40}},"6":{"start":{"line":16,"column":26},"end":{"line":16,"column":40}},"7":{"start":{"line":17,"column":19},"end":{"line":17,"column":48}},"8":{"start":{"line":17,"column":25},"end":{"line":17,"column":48}},"9":{"start":{"line":17,"column":43},"end":{"line":17,"column":47}},"10":{"start":{"line":18,"column":4},"end":{"line":23,"column":5}},"11":{"start":{"line":25,"column":2},"end":{"line":25,"column":25}}},"fnMap":{"0":{"name":"(anonymous_0)","decl":{"start":{"line":12,"column":19},"end":{"line":12,"column":20}},"loc":{"start":{"line":12,"column":69},"end":{"line":26,"column":1}},"line":12},"1":{"name":"(anonymous_1)","decl":{"start":{"line":14,"column":26},"end":{"line":14,"column":27}},"loc":{"start":{"line":14,"column":32},"end":{"line":24,"column":3}},"line":14},"2":{"name":"(anonymous_2)","decl":{"start":{"line":15,"column":21},"end":{"line":15,"column":22}},"loc":{"start":{"line":15,"column":27},"end":{"line":15,"column":42}},"line":15},"3":{"name":"(anonymous_3)","decl":{"start":{"line":16,"column":20},"end":{"line":16,"column":21}},"loc":{"start":{"line":16,"column":26},"end":{"line":16,"column":40}},"line":16},"4":{"name":"(anonymous_4)","decl":{"start":{"line":17,"column":19},"end":{"line":17,"column":20}},"loc":{"start":{"line":17,"column":25},"end":{"line":17,"column":48}},"line":17},"5":{"name":"(anonymous_5)","decl":{"start":{"line":17,"column":34},"end":{"line":17,"column":35}},"loc":{"start":{"line":17,"column":43},"end":{"line":17,"column":47}},"line":17}},"branchMap":{"0":{"loc":{"start":{"line":12,"column":20},"end":{"line":12,"column":49}},"type":"default-arg","locations":[{"start":{"line":12,"column":44},"end":{"line":12,"column":49}}],"line":12}},"s":{"0":1,"1":7,"2":7,"3":1,"4":1,"5":1,"6":1,"7":1,"8":2,"9":2,"10":1,"11":7},"f":{"0":7,"1":1,"2":1,"3":1,"4":2,"5":2},"b":{"0":[7]},"_coverageSchema":"1a1c01bbd47fc00a2c39e90264f33305004495a9","hash":"8befea2de3f71d5806611e05118d2fe5cf64623f"}
,"/Users/melon95/repository/react-hooks/src/useCookieState/index.ts": {"path":"/Users/melon95/repository/react-hooks/src/useCookieState/index.ts","statementMap":{"0":{"start":{"line":14,"column":23},"end":{"line":38,"column":1}},"1":{"start":{"line":15,"column":40},"end":{"line":22,"column":4}},"2":{"start":{"line":16,"column":19},"end":{"line":16,"column":35}},"3":{"start":{"line":17,"column":4},"end":{"line":17,"column":39}},"4":{"start":{"line":17,"column":26},"end":{"line":17,"column":39}},"5":{"start":{"line":19,"column":4},"end":{"line":19,"column":71}},"6":{"start":{"line":19,"column":42},"end":{"line":19,"column":71}},"7":{"start":{"line":21,"column":4},"end":{"line":21,"column":31}},"8":{"start":{"line":24,"column":28},"end":{"line":35,"column":33}},"9":{"start":{"line":25,"column":19},"end":{"line":25,"column":66}},"10":{"start":{"line":27,"column":4},"end":{"line":27,"column":26}},"11":{"start":{"line":29,"column":46},"end":{"line":29,"column":76}},"12":{"start":{"line":30,"column":4},"end":{"line":34,"column":5}},"13":{"start":{"line":31,"column":6},"end":{"line":31,"column":25}},"14":{"start":{"line":33,"column":6},"end":{"line":33,"column":43}},"15":{"start":{"line":37,"column":2},"end":{"line":37,"column":41}}},"fnMap":{"0":{"name":"(anonymous_0)","decl":{"start":{"line":14,"column":23},"end":{"line":14,"column":24}},"loc":{"start":{"line":14,"column":95},"end":{"line":38,"column":1}},"line":14},"1":{"name":"(anonymous_1)","decl":{"start":{"line":15,"column":49},"end":{"line":15,"column":50}},"loc":{"start":{"line":15,"column":55},"end":{"line":22,"column":3}},"line":15},"2":{"name":"(anonymous_2)","decl":{"start":{"line":24,"column":40},"end":{"line":24,"column":41}},"loc":{"start":{"line":24,"column":113},"end":{"line":35,"column":3}},"line":24}},"branchMap":{"0":{"loc":{"start":{"line":14,"column":37},"end":{"line":14,"column":58}},"type":"default-arg","locations":[{"start":{"line":14,"column":56},"end":{"line":14,"column":58}}],"line":14},"1":{"loc":{"start":{"line":17,"column":4},"end":{"line":17,"column":39}},"type":"if","locations":[{"start":{"line":17,"column":4},"end":{"line":17,"column":39}},{"start":{},"end":{}}],"line":17},"2":{"loc":{"start":{"line":19,"column":4},"end":{"line":19,"column":71}},"type":"if","locations":[{"start":{"line":19,"column":4},"end":{"line":19,"column":71}},{"start":{},"end":{}}],"line":19},"3":{"loc":{"start":{"line":24,"column":84},"end":{"line":24,"column":108}},"type":"default-arg","locations":[{"start":{"line":24,"column":106},"end":{"line":24,"column":108}}],"line":24},"4":{"loc":{"start":{"line":25,"column":19},"end":{"line":25,"column":66}},"type":"cond-expr","locations":[{"start":{"line":25,"column":39},"end":{"line":25,"column":58}},{"start":{"line":25,"column":61},"end":{"line":25,"column":66}}],"line":25},"5":{"loc":{"start":{"line":30,"column":4},"end":{"line":34,"column":5}},"type":"if","locations":[{"start":{"line":30,"column":4},"end":{"line":34,"column":5}},{"start":{"line":32,"column":11},"end":{"line":34,"column":5}}],"line":30}},"s":{"0":1,"1":13,"2":5,"3":5,"4":0,"5":5,"6":1,"7":4,"8":13,"9":6,"10":6,"11":6,"12":6,"13":1,"14":5,"15":13},"f":{"0":13,"1":5,"2":6},"b":{"0":[8],"1":[0,5],"2":[1,4],"3":[6],"4":[0,6],"5":[1,5]},"_coverageSchema":"1a1c01bbd47fc00a2c39e90264f33305004495a9","hash":"97ca7e5031f2c811ec681a4a07d971c9d2739af7"}
,"/Users/melon95/repository/react-hooks/src/useDebounce/index.ts": {"path":"/Users/melon95/repository/react-hooks/src/useDebounce/index.ts","statementMap":{"0":{"start":{"line":12,"column":20},"end":{"line":27,"column":1}},"1":{"start":{"line":13,"column":95},"end":{"line":13,"column":102}},"2":{"start":{"line":14,"column":44},"end":{"line":14,"column":62}},"3":{"start":{"line":16,"column":27},"end":{"line":20,"column":9}},"4":{"start":{"line":16,"column":60},"end":{"line":16,"column":81}},"5":{"start":{"line":22,"column":2},"end":{"line":24,"column":13}},"6":{"start":{"line":23,"column":4},"end":{"line":23,"column":27}},"7":{"start":{"line":26,"column":2},"end":{"line":26,"column":22}}},"fnMap":{"0":{"name":"(anonymous_0)","decl":{"start":{"line":12,"column":20},"end":{"line":12,"column":21}},"loc":{"start":{"line":12,"column":60},"end":{"line":27,"column":1}},"line":12},"1":{"name":"(anonymous_1)","decl":{"start":{"line":16,"column":48},"end":{"line":16,"column":49}},"loc":{"start":{"line":16,"column":60},"end":{"line":16,"column":81}},"line":16},"2":{"name":"(anonymous_2)","decl":{"start":{"line":22,"column":12},"end":{"line":22,"column":13}},"loc":{"start":{"line":22,"column":18},"end":{"line":24,"column":3}},"line":22}},"branchMap":{"0":{"loc":{"start":{"line":12,"column":34},"end":{"line":12,"column":55}},"type":"default-arg","locations":[{"start":{"line":12,"column":53},"end":{"line":12,"column":55}}],"line":12},"1":{"loc":{"start":{"line":13,"column":10},"end":{"line":13,"column":21}},"type":"default-arg","locations":[{"start":{"line":13,"column":17},"end":{"line":13,"column":21}}],"line":13},"2":{"loc":{"start":{"line":13,"column":23},"end":{"line":13,"column":38}},"type":"default-arg","locations":[{"start":{"line":13,"column":33},"end":{"line":13,"column":38}}],"line":13},"3":{"loc":{"start":{"line":13,"column":40},"end":{"line":13,"column":55}},"type":"default-arg","locations":[{"start":{"line":13,"column":51},"end":{"line":13,"column":55}}],"line":13},"4":{"loc":{"start":{"line":13,"column":57},"end":{"line":13,"column":90}},"type":"default-arg","locations":[{"start":{"line":13,"column":67},"end":{"line":13,"column":90}}],"line":13}},"s":{"0":1,"1":6,"2":6,"3":6,"4":1,"5":6,"6":5,"7":6},"f":{"0":6,"1":1,"2":5},"b":{"0":[0],"1":[0],"2":[6],"3":[6],"4":[6]},"_coverageSchema":"1a1c01bbd47fc00a2c39e90264f33305004495a9","hash":"06464c9df5f565b04145a0cabb6b6f3ed96e940b"}
,"/Users/melon95/repository/react-hooks/src/useLocalStorageState/index.ts": {"path":"/Users/melon95/repository/react-hooks/src/useLocalStorageState/index.ts","statementMap":{"0":{"start":{"line":3,"column":29},"end":{"line":3,"column":61}}},"fnMap":{},"branchMap":{},"s":{"0":1},"f":{},"b":{},"_coverageSchema":"1a1c01bbd47fc00a2c39e90264f33305004495a9","hash":"3d763b825b6752ffccaa9065bc564e67a3c287ce"}
,"/Users/melon95/repository/react-hooks/src/useMount/index.ts": {"path":"/Users/melon95/repository/react-hooks/src/useMount/index.ts","statementMap":{"0":{"start":{"line":4,"column":17},"end":{"line":13,"column":1}},"1":{"start":{"line":5,"column":2},"end":{"line":9,"column":3}},"2":{"start":{"line":6,"column":4},"end":{"line":8,"column":5}},"3":{"start":{"line":7,"column":6},"end":{"line":7,"column":96}},"4":{"start":{"line":10,"column":2},"end":{"line":12,"column":8}},"5":{"start":{"line":11,"column":4},"end":{"line":11,"column":16}}},"fnMap":{"0":{"name":"(anonymous_0)","decl":{"start":{"line":4,"column":17},"end":{"line":4,"column":18}},"loc":{"start":{"line":4,"column":43},"end":{"line":13,"column":1}},"line":4},"1":{"name":"(anonymous_1)","decl":{"start":{"line":10,"column":12},"end":{"line":10,"column":13}},"loc":{"start":{"line":10,"column":18},"end":{"line":12,"column":3}},"line":10}},"branchMap":{"0":{"loc":{"start":{"line":5,"column":2},"end":{"line":9,"column":3}},"type":"if","locations":[{"start":{"line":5,"column":2},"end":{"line":9,"column":3}},{"start":{},"end":{}}],"line":5},"1":{"loc":{"start":{"line":6,"column":4},"end":{"line":8,"column":5}},"type":"if","locations":[{"start":{"line":6,"column":4},"end":{"line":8,"column":5}},{"start":{},"end":{}}],"line":6}},"s":{"0":1,"1":3,"2":0,"3":0,"4":3,"5":2},"f":{"0":3,"1":2},"b":{"0":[0,3],"1":[0,0]},"_coverageSchema":"1a1c01bbd47fc00a2c39e90264f33305004495a9","hash":"391167c3f3f1b52c1f73d200ca117dc24f9b949b"}
,"/Users/melon95/repository/react-hooks/src/useSessionStorageState/index.ts": {"path":"/Users/melon95/repository/react-hooks/src/useSessionStorageState/index.ts","statementMap":{"0":{"start":{"line":3,"column":31},"end":{"line":3,"column":65}}},"fnMap":{},"branchMap":{},"s":{"0":1},"f":{},"b":{},"_coverageSchema":"1a1c01bbd47fc00a2c39e90264f33305004495a9","hash":"b716d8f4f0a9b1efa81f36e2fc3387b5e755177b"}
,"/Users/melon95/repository/react-hooks/src/useSetState/index.ts": {"path":"/Users/melon95/repository/react-hooks/src/useSetState/index.ts","statementMap":{"0":{"start":{"line":9,"column":28},"end":{"line":9,"column":50}},"1":{"start":{"line":10,"column":25},"end":{"line":13,"column":3}},"2":{"start":{"line":12,"column":4},"end":{"line":12,"column":116}},"3":{"start":{"line":12,"column":31},"end":{"line":12,"column":114}},"4":{"start":{"line":14,"column":2},"end":{"line":14,"column":33}}},"fnMap":{"0":{"name":"useSetState","decl":{"start":{"line":8,"column":9},"end":{"line":8,"column":20}},"loc":{"start":{"line":8,"column":99},"end":{"line":15,"column":1}},"line":8},"1":{"name":"(anonymous_1)","decl":{"start":{"line":10,"column":25},"end":{"line":10,"column":26}},"loc":{"start":{"line":10,"column":69},"end":{"line":13,"column":3}},"line":10},"2":{"name":"(anonymous_2)","decl":{"start":{"line":12,"column":13},"end":{"line":12,"column":14}},"loc":{"start":{"line":12,"column":31},"end":{"line":12,"column":114}},"line":12}},"branchMap":{"0":{"loc":{"start":{"line":12,"column":60},"end":{"line":12,"column":113}},"type":"cond-expr","locations":[{"start":{"line":12,"column":83},"end":{"line":12,"column":102}},{"start":{"line":12,"column":105},"end":{"line":12,"column":113}}],"line":12}},"s":{"0":7,"1":7,"2":4,"3":4,"4":7},"f":{"0":7,"1":4,"2":4},"b":{"0":[1,3]},"_coverageSchema":"1a1c01bbd47fc00a2c39e90264f33305004495a9","hash":"fa3a5442a2419aee623f323b389974c5a698df1b"}
,"/Users/melon95/repository/react-hooks/src/useThrottle/index.ts": {"path":"/Users/melon95/repository/react-hooks/src/useThrottle/index.ts","statementMap":{"0":{"start":{"line":10,"column":20},"end":{"line":26,"column":1}},"1":{"start":{"line":11,"column":59},"end":{"line":11,"column":66}},"2":{"start":{"line":13,"column":44},"end":{"line":13,"column":62}},"3":{"start":{"line":15,"column":27},"end":{"line":18,"column":9}},"4":{"start":{"line":15,"column":60},"end":{"line":15,"column":81}},"5":{"start":{"line":20,"column":2},"end":{"line":22,"column":13}},"6":{"start":{"line":21,"column":4},"end":{"line":21,"column":27}},"7":{"start":{"line":24,"column":2},"end":{"line":24,"column":22}}},"fnMap":{"0":{"name":"(anonymous_0)","decl":{"start":{"line":10,"column":20},"end":{"line":10,"column":21}},"loc":{"start":{"line":10,"column":60},"end":{"line":26,"column":1}},"line":10},"1":{"name":"(anonymous_1)","decl":{"start":{"line":15,"column":48},"end":{"line":15,"column":49}},"loc":{"start":{"line":15,"column":60},"end":{"line":15,"column":81}},"line":15},"2":{"name":"(anonymous_2)","decl":{"start":{"line":20,"column":12},"end":{"line":20,"column":13}},"loc":{"start":{"line":20,"column":18},"end":{"line":22,"column":3}},"line":20}},"branchMap":{"0":{"loc":{"start":{"line":10,"column":34},"end":{"line":10,"column":55}},"type":"default-arg","locations":[{"start":{"line":10,"column":53},"end":{"line":10,"column":55}}],"line":10},"1":{"loc":{"start":{"line":11,"column":10},"end":{"line":11,"column":21}},"type":"default-arg","locations":[{"start":{"line":11,"column":17},"end":{"line":11,"column":21}}],"line":11},"2":{"loc":{"start":{"line":11,"column":23},"end":{"line":11,"column":37}},"type":"default-arg","locations":[{"start":{"line":11,"column":33},"end":{"line":11,"column":37}}],"line":11},"3":{"loc":{"start":{"line":11,"column":39},"end":{"line":11,"column":54}},"type":"default-arg","locations":[{"start":{"line":11,"column":50},"end":{"line":11,"column":54}}],"line":11}},"s":{"0":1,"1":19,"2":19,"3":19,"4":5,"5":19,"6":16,"7":19},"f":{"0":19,"1":5,"2":16},"b":{"0":[0],"1":[0],"2":[5],"3":[5]},"_coverageSchema":"1a1c01bbd47fc00a2c39e90264f33305004495a9","hash":"dd3a08e946ccbde5191cd42f44e866af259d1a30"}
,"/Users/melon95/repository/react-hooks/src/useToggle/index.ts": {"path":"/Users/melon95/repository/react-hooks/src/useToggle/index.ts","statementMap":{"0":{"start":{"line":11,"column":28},"end":{"line":11,"column":54}},"1":{"start":{"line":12,"column":17},"end":{"line":22,"column":8}},"2":{"start":{"line":13,"column":20},"end":{"line":13,"column":45}},"3":{"start":{"line":13,"column":26},"end":{"line":13,"column":45}},"4":{"start":{"line":14,"column":21},"end":{"line":14,"column":47}},"5":{"start":{"line":14,"column":27},"end":{"line":14,"column":47}},"6":{"start":{"line":15,"column":19},"end":{"line":15,"column":90}},"7":{"start":{"line":15,"column":25},"end":{"line":15,"column":90}},"8":{"start":{"line":15,"column":45},"end":{"line":15,"column":88}},"9":{"start":{"line":16,"column":4},"end":{"line":21,"column":5}},"10":{"start":{"line":20,"column":29},"end":{"line":20,"column":44}},"11":{"start":{"line":23,"column":2},"end":{"line":23,"column":24}}},"fnMap":{"0":{"name":"useToggle","decl":{"start":{"line":10,"column":9},"end":{"line":10,"column":18}},"loc":{"start":{"line":10,"column":83},"end":{"line":24,"column":1}},"line":10},"1":{"name":"(anonymous_1)","decl":{"start":{"line":12,"column":25},"end":{"line":12,"column":26}},"loc":{"start":{"line":12,"column":31},"end":{"line":22,"column":3}},"line":12},"2":{"name":"(anonymous_2)","decl":{"start":{"line":13,"column":20},"end":{"line":13,"column":21}},"loc":{"start":{"line":13,"column":26},"end":{"line":13,"column":45}},"line":13},"3":{"name":"(anonymous_3)","decl":{"start":{"line":14,"column":21},"end":{"line":14,"column":22}},"loc":{"start":{"line":14,"column":27},"end":{"line":14,"column":47}},"line":14},"4":{"name":"(anonymous_4)","decl":{"start":{"line":15,"column":19},"end":{"line":15,"column":20}},"loc":{"start":{"line":15,"column":25},"end":{"line":15,"column":90}},"line":15},"5":{"name":"(anonymous_5)","decl":{"start":{"line":15,"column":34},"end":{"line":15,"column":35}},"loc":{"start":{"line":15,"column":45},"end":{"line":15,"column":88}},"line":15},"6":{"name":"(anonymous_6)","decl":{"start":{"line":20,"column":11},"end":{"line":20,"column":12}},"loc":{"start":{"line":20,"column":29},"end":{"line":20,"column":44}},"line":20}},"branchMap":{"0":{"loc":{"start":{"line":15,"column":45},"end":{"line":15,"column":88}},"type":"cond-expr","locations":[{"start":{"line":15,"column":66},"end":{"line":15,"column":76}},{"start":{"line":15,"column":79},"end":{"line":15,"column":88}}],"line":15}},"s":{"0":5,"1":5,"2":1,"3":1,"4":1,"5":1,"6":1,"7":1,"8":1,"9":1,"10":1,"11":5},"f":{"0":5,"1":1,"2":1,"3":1,"4":1,"5":1,"6":1},"b":{"0":[1,0]},"_coverageSchema":"1a1c01bbd47fc00a2c39e90264f33305004495a9","hash":"86779d1c410fc28a1a16d5097cfc2e8d7b89cfb3"}
,"/Users/melon95/repository/react-hooks/src/useUnmount/index.ts": {"path":"/Users/melon95/repository/react-hooks/src/useUnmount/index.ts","statementMap":{"0":{"start":{"line":4,"column":19},"end":{"line":17,"column":1}},"1":{"start":{"line":5,"column":2},"end":{"line":9,"column":3}},"2":{"start":{"line":6,"column":4},"end":{"line":8,"column":5}},"3":{"start":{"line":7,"column":6},"end":{"line":7,"column":98}},"4":{"start":{"line":10,"column":22},"end":{"line":10,"column":38}},"5":{"start":{"line":11,"column":2},"end":{"line":11,"column":32}},"6":{"start":{"line":12,"column":2},"end":{"line":16,"column":8}},"7":{"start":{"line":13,"column":4},"end":{"line":15,"column":5}},"8":{"start":{"line":14,"column":6},"end":{"line":14,"column":29}}},"fnMap":{"0":{"name":"(anonymous_0)","decl":{"start":{"line":4,"column":19},"end":{"line":4,"column":20}},"loc":{"start":{"line":4,"column":45},"end":{"line":17,"column":1}},"line":4},"1":{"name":"(anonymous_1)","decl":{"start":{"line":12,"column":12},"end":{"line":12,"column":13}},"loc":{"start":{"line":12,"column":18},"end":{"line":16,"column":3}},"line":12},"2":{"name":"(anonymous_2)","decl":{"start":{"line":13,"column":11},"end":{"line":13,"column":12}},"loc":{"start":{"line":13,"column":17},"end":{"line":15,"column":5}},"line":13}},"branchMap":{"0":{"loc":{"start":{"line":5,"column":2},"end":{"line":9,"column":3}},"type":"if","locations":[{"start":{"line":5,"column":2},"end":{"line":9,"column":3}},{"start":{},"end":{}}],"line":5},"1":{"loc":{"start":{"line":6,"column":4},"end":{"line":8,"column":5}},"type":"if","locations":[{"start":{"line":6,"column":4},"end":{"line":8,"column":5}},{"start":{},"end":{}}],"line":6}},"s":{"0":2,"1":4,"2":0,"3":0,"4":4,"5":4,"6":4,"7":2,"8":2},"f":{"0":4,"1":2,"2":2},"b":{"0":[0,4],"1":[0,0]},"_coverageSchema":"1a1c01bbd47fc00a2c39e90264f33305004495a9","hash":"1d7bcb36d59d726d9733d172e5f62923fa1f3466"}
,"/Users/melon95/repository/react-hooks/src/useUnmountedRef/index.ts": {"path":"/Users/melon95/repository/react-hooks/src/useUnmountedRef/index.ts","statementMap":{"0":{"start":{"line":4,"column":24},"end":{"line":11,"column":1}},"1":{"start":{"line":5,"column":23},"end":{"line":5,"column":45}},"2":{"start":{"line":7,"column":2},"end":{"line":9,"column":4}},"3":{"start":{"line":8,"column":4},"end":{"line":8,"column":32}},"4":{"start":{"line":10,"column":2},"end":{"line":10,"column":21}}},"fnMap":{"0":{"name":"(anonymous_0)","decl":{"start":{"line":4,"column":24},"end":{"line":4,"column":25}},"loc":{"start":{"line":4,"column":57},"end":{"line":11,"column":1}},"line":4},"1":{"name":"(anonymous_1)","decl":{"start":{"line":7,"column":13},"end":{"line":7,"column":14}},"loc":{"start":{"line":7,"column":19},"end":{"line":9,"column":3}},"line":7}},"branchMap":{},"s":{"0":1,"1":2,"2":2,"3":1,"4":2},"f":{"0":2,"1":1},"b":{},"_coverageSchema":"1a1c01bbd47fc00a2c39e90264f33305004495a9","hash":"cb450ba3ca470c309a0f31701270a641b26d2e44"}
,"/Users/melon95/repository/react-hooks/src/useUrlState/index.ts": {"path":"/Users/melon95/repository/react-hooks/src/useUrlState/index.ts","statementMap":{"0":{"start":{"line":11,"column":28},"end":{"line":14,"column":10}},"1":{"start":{"line":16,"column":20},"end":{"line":16,"column":41}},"2":{"start":{"line":16,"column":26},"end":{"line":16,"column":41}},"3":{"start":{"line":17,"column":19},"end":{"line":17,"column":39}},"4":{"start":{"line":17,"column":25},"end":{"line":17,"column":39}},"5":{"start":{"line":19,"column":20},"end":{"line":37,"column":1}},"6":{"start":{"line":20,"column":45},"end":{"line":20,"column":58}},"7":{"start":{"line":21,"column":18},"end":{"line":21,"column":30}},"8":{"start":{"line":22,"column":68},"end":{"line":22,"column":81}},"9":{"start":{"line":23,"column":28},"end":{"line":23,"column":104}},"10":{"start":{"line":25,"column":28},"end":{"line":30,"column":53}},"11":{"start":{"line":26,"column":19},"end":{"line":26,"column":65}},"12":{"start":{"line":27,"column":16},"end":{"line":27,"column":83}},"13":{"start":{"line":29,"column":4},"end":{"line":29,"column":70}},"14":{"start":{"line":32,"column":2},"end":{"line":34,"column":32}},"15":{"start":{"line":33,"column":4},"end":{"line":33,"column":28}},"16":{"start":{"line":36,"column":2},"end":{"line":36,"column":26}}},"fnMap":{"0":{"name":"(anonymous_0)","decl":{"start":{"line":16,"column":20},"end":{"line":16,"column":21}},"loc":{"start":{"line":16,"column":26},"end":{"line":16,"column":41}},"line":16},"1":{"name":"(anonymous_1)","decl":{"start":{"line":17,"column":19},"end":{"line":17,"column":20}},"loc":{"start":{"line":17,"column":25},"end":{"line":17,"column":39}},"line":17},"2":{"name":"(anonymous_2)","decl":{"start":{"line":19,"column":20},"end":{"line":19,"column":21}},"loc":{"start":{"line":19,"column":117},"end":{"line":37,"column":1}},"line":19},"3":{"name":"(anonymous_3)","decl":{"start":{"line":25,"column":40},"end":{"line":25,"column":41}},"loc":{"start":{"line":25,"column":54},"end":{"line":30,"column":3}},"line":25},"4":{"name":"(anonymous_4)","decl":{"start":{"line":32,"column":12},"end":{"line":32,"column":13}},"loc":{"start":{"line":32,"column":18},"end":{"line":34,"column":3}},"line":32}},"branchMap":{"0":{"loc":{"start":{"line":22,"column":10},"end":{"line":22,"column":31}},"type":"default-arg","locations":[{"start":{"line":22,"column":25},"end":{"line":22,"column":31}}],"line":22},"1":{"loc":{"start":{"line":22,"column":68},"end":{"line":22,"column":81}},"type":"binary-expr","locations":[{"start":{"line":22,"column":68},"end":{"line":22,"column":75}},{"start":{"line":22,"column":79},"end":{"line":22,"column":81}}],"line":22},"2":{"loc":{"start":{"line":23,"column":43},"end":{"line":23,"column":103}},"type":"binary-expr","locations":[{"start":{"line":23,"column":43},"end":{"line":23,"column":55}},{"start":{"line":23,"column":59},"end":{"line":23,"column":103}}],"line":23},"3":{"loc":{"start":{"line":27,"column":47},"end":{"line":27,"column":73}},"type":"cond-expr","locations":[{"start":{"line":27,"column":56},"end":{"line":27,"column":68}},{"start":{"line":27,"column":71},"end":{"line":27,"column":73}}],"line":27}},"s":{"0":1,"1":1,"2":4,"3":1,"4":4,"5":1,"6":4,"7":4,"8":4,"9":4,"10":4,"11":4,"12":4,"13":4,"14":4,"15":4,"16":4},"f":{"0":4,"1":4,"2":4,"3":4,"4":4},"b":{"0":[4],"1":[4,4],"2":[4,2],"3":[4,0]},"_coverageSchema":"1a1c01bbd47fc00a2c39e90264f33305004495a9","hash":"5bca5c3447265b85d374e65b186f48788a5313c5"}
,"/Users/melon95/repository/react-hooks/src/utils/env.ts": {"path":"/Users/melon95/repository/react-hooks/src/utils/env.ts","statementMap":{"0":{"start":{"line":1,"column":21},"end":{"line":1,"column":59}}},"fnMap":{},"branchMap":{},"s":{"0":8},"f":{},"b":{},"_coverageSchema":"1a1c01bbd47fc00a2c39e90264f33305004495a9","hash":"6a131b18d75032763d104bf13a351ddf88201481"}
,"/Users/melon95/repository/react-hooks/src/utils/index.ts": {"path":"/Users/melon95/repository/react-hooks/src/utils/index.ts","statementMap":{},"fnMap":{},"branchMap":{},"s":{},"f":{},"b":{},"_coverageSchema":"1a1c01bbd47fc00a2c39e90264f33305004495a9","hash":"257ce7daf343daa3d8cb1e2504e4c30f7bebb5ef"}
,"/Users/melon95/repository/react-hooks/src/utils/tools.ts": {"path":"/Users/melon95/repository/react-hooks/src/utils/tools.ts","statementMap":{"0":{"start":{"line":1,"column":21},"end":{"line":1,"column":90}},"1":{"start":{"line":1,"column":39},"end":{"line":1,"column":90}},"2":{"start":{"line":1,"column":64},"end":{"line":1,"column":89}}},"fnMap":{"0":{"name":"(anonymous_0)","decl":{"start":{"line":1,"column":21},"end":{"line":1,"column":22}},"loc":{"start":{"line":1,"column":39},"end":{"line":1,"column":90}},"line":1},"1":{"name":"(anonymous_1)","decl":{"start":{"line":1,"column":51},"end":{"line":1,"column":52}},"loc":{"start":{"line":1,"column":64},"end":{"line":1,"column":89}},"line":1}},"branchMap":{},"s":{"0":2,"1":17,"2":17},"f":{"0":17,"1":17},"b":{},"_coverageSchema":"1a1c01bbd47fc00a2c39e90264f33305004495a9","hash":"abdd19e6789952bece9cfcd314c34b70526693df"}
,"/Users/melon95/repository/react-hooks/src/utils/type.ts": {"path":"/Users/melon95/repository/react-hooks/src/utils/type.ts","statementMap":{"0":{"start":{"line":1,"column":26},"end":{"line":1,"column":88}},"1":{"start":{"line":1,"column":61},"end":{"line":1,"column":88}},"2":{"start":{"line":3,"column":23},"end":{"line":3,"column":80}},"3":{"start":{"line":3,"column":60},"end":{"line":3,"column":80}},"4":{"start":{"line":5,"column":17},"end":{"line":5,"column":42}},"5":{"start":{"line":7,"column":24},"end":{"line":7,"column":99}},"6":{"start":{"line":7,"column":57},"end":{"line":7,"column":99}},"7":{"start":{"line":9,"column":24},"end":{"line":9,"column":82}},"8":{"start":{"line":9,"column":57},"end":{"line":9,"column":82}},"9":{"start":{"line":11,"column":25},"end":{"line":11,"column":85}},"10":{"start":{"line":11,"column":59},"end":{"line":11,"column":85}},"11":{"start":{"line":13,"column":24},"end":{"line":13,"column":82}},"12":{"start":{"line":13,"column":57},"end":{"line":13,"column":82}}},"fnMap":{"0":{"name":"(anonymous_0)","decl":{"start":{"line":1,"column":26},"end":{"line":1,"column":27}},"loc":{"start":{"line":1,"column":61},"end":{"line":1,"column":88}},"line":1},"1":{"name":"(anonymous_1)","decl":{"start":{"line":3,"column":23},"end":{"line":3,"column":24}},"loc":{"start":{"line":3,"column":60},"end":{"line":3,"column":80}},"line":3},"2":{"name":"(anonymous_2)","decl":{"start":{"line":7,"column":24},"end":{"line":7,"column":25}},"loc":{"start":{"line":7,"column":57},"end":{"line":7,"column":99}},"line":7},"3":{"name":"(anonymous_3)","decl":{"start":{"line":9,"column":24},"end":{"line":9,"column":25}},"loc":{"start":{"line":9,"column":57},"end":{"line":9,"column":82}},"line":9},"4":{"name":"(anonymous_4)","decl":{"start":{"line":11,"column":25},"end":{"line":11,"column":26}},"loc":{"start":{"line":11,"column":59},"end":{"line":11,"column":85}},"line":11},"5":{"name":"(anonymous_5)","decl":{"start":{"line":13,"column":24},"end":{"line":13,"column":25}},"loc":{"start":{"line":13,"column":57},"end":{"line":13,"column":82}},"line":13}},"branchMap":{},"s":{"0":8,"1":26,"2":8,"3":0,"4":8,"5":8,"6":0,"7":8,"8":5,"9":8,"10":0,"11":8,"12":0},"f":{"0":26,"1":0,"2":0,"3":5,"4":0,"5":0},"b":{},"_coverageSchema":"1a1c01bbd47fc00a2c39e90264f33305004495a9","hash":"f2bf625b2c30ab8191ce1f80a887be077f659106"}
}
