{"/Users/melon95/repository/react-hooks/src/advanced/useControllableValue/index.ts": {"path":"/Users/melon95/repository/react-hooks/src/advanced/useControllableValue/index.ts","statementMap":{"0":{"start":{"line":14,"column":29},"end":{"line":33,"column":1}},"1":{"start":{"line":15,"column":113},"end":{"line":15,"column":120}},"2":{"start":{"line":17,"column":19},"end":{"line":17,"column":54}},"3":{"start":{"line":18,"column":26},"end":{"line":18,"column":68}},"4":{"start":{"line":20,"column":28},"end":{"line":20,"column":142}},"5":{"start":{"line":21,"column":19},"end":{"line":21,"column":69}},"6":{"start":{"line":24,"column":22},"end":{"line":29,"column":4}},"7":{"start":{"line":25,"column":4},"end":{"line":27,"column":5}},"8":{"start":{"line":26,"column":6},"end":{"line":26,"column":24}},"9":{"start":{"line":28,"column":4},"end":{"line":28,"column":39}},"10":{"start":{"line":32,"column":2},"end":{"line":32,"column":40}}},"fnMap":{"0":{"name":"(anonymous_0)","decl":{"start":{"line":14,"column":29},"end":{"line":14,"column":30}},"loc":{"start":{"line":14,"column":83},"end":{"line":33,"column":1}},"line":14},"1":{"name":"(anonymous_1)","decl":{"start":{"line":24,"column":36},"end":{"line":24,"column":37}},"loc":{"start":{"line":24,"column":74},"end":{"line":29,"column":3}},"line":24}},"branchMap":{"0":{"loc":{"start":{"line":14,"column":38},"end":{"line":14,"column":55}},"type":"default-arg","locations":[{"start":{"line":14,"column":53},"end":{"line":14,"column":55}}],"line":14},"1":{"loc":{"start":{"line":14,"column":57},"end":{"line":14,"column":78}},"type":"default-arg","locations":[{"start":{"line":14,"column":76},"end":{"line":14,"column":78}}],"line":14},"2":{"loc":{"start":{"line":15,"column":24},"end":{"line":15,"column":61}},"type":"default-arg","locations":[{"start":{"line":15,"column":47},"end":{"line":15,"column":61}}],"line":15},"3":{"loc":{"start":{"line":15,"column":63},"end":{"line":15,"column":86}},"type":"default-arg","locations":[{"start":{"line":15,"column":79},"end":{"line":15,"column":86}}],"line":15},"4":{"loc":{"start":{"line":15,"column":88},"end":{"line":15,"column":108}},"type":"default-arg","locations":[{"start":{"line":15,"column":98},"end":{"line":15,"column":108}}],"line":15},"5":{"loc":{"start":{"line":20,"column":45},"end":{"line":20,"column":141}},"type":"cond-expr","locations":[{"start":{"line":20,"column":56},"end":{"line":20,"column":76}},{"start":{"line":20,"column":80},"end":{"line":20,"column":140}}],"line":20},"6":{"loc":{"start":{"line":20,"column":80},"end":{"line":20,"column":140}},"type":"cond-expr","locations":[{"start":{"line":20,"column":98},"end":{"line":20,"column":125}},{"start":{"line":20,"column":128},"end":{"line":20,"column":140}}],"line":20},"7":{"loc":{"start":{"line":21,"column":29},"end":{"line":21,"column":68}},"type":"cond-expr","locations":[{"start":{"line":21,"column":40},"end":{"line":21,"column":60}},{"start":{"line":21,"column":63},"end":{"line":21,"column":68}}],"line":21},"8":{"loc":{"start":{"line":25,"column":4},"end":{"line":27,"column":5}},"type":"if","locations":[{"start":{"line":25,"column":4},"end":{"line":27,"column":5}},{"start":{},"end":{}}],"line":25}},"s":{"0":1,"1":12,"2":12,"3":12,"4":12,"5":12,"6":12,"7":5,"8":4,"9":5,"10":12},"f":{"0":12,"1":5},"b":{"0":[1],"1":[12],"2":[12],"3":[12],"4":[12],"5":[6,6],"6":[1,5],"7":[6,6],"8":[4,1]},"_coverageSchema":"1a1c01bbd47fc00a2c39e90264f33305004495a9","hash":"ee7a4dcbd666598b2edc0515789cd7e5ad5e48a2"}
,"/Users/melon95/repository/react-hooks/src/advanced/useLatest/index.ts": {"path":"/Users/melon95/repository/react-hooks/src/advanced/useLatest/index.ts","statementMap":{"0":{"start":{"line":3,"column":18},"end":{"line":7,"column":1}},"1":{"start":{"line":4,"column":13},"end":{"line":4,"column":24}},"2":{"start":{"line":5,"column":1},"end":{"line":5,"column":21}},"3":{"start":{"line":6,"column":1},"end":{"line":6,"column":12}}},"fnMap":{"0":{"name":"(anonymous_0)","decl":{"start":{"line":3,"column":18},"end":{"line":3,"column":19}},"loc":{"start":{"line":3,"column":56},"end":{"line":7,"column":1}},"line":3}},"branchMap":{},"s":{"0":20,"1":491,"2":491,"3":491},"f":{"0":491},"b":{},"_coverageSchema":"1a1c01bbd47fc00a2c39e90264f33305004495a9","hash":"5bc425f08c12ddc14b1b5e24c80c213a9bc54bac"}
,"/Users/melon95/repository/react-hooks/src/advanced/useMemoizedFn/index.ts": {"path":"/Users/melon95/repository/react-hooks/src/advanced/useMemoizedFn/index.ts","statementMap":{"0":{"start":{"line":4,"column":22},"end":{"line":12,"column":1}},"1":{"start":{"line":5,"column":15},"end":{"line":5,"column":28}},"2":{"start":{"line":7,"column":20},"end":{"line":9,"column":7}},"3":{"start":{"line":8,"column":2},"end":{"line":8,"column":32}},"4":{"start":{"line":11,"column":1},"end":{"line":11,"column":19}}},"fnMap":{"0":{"name":"(anonymous_0)","decl":{"start":{"line":4,"column":22},"end":{"line":4,"column":23}},"loc":{"start":{"line":4,"column":68},"end":{"line":12,"column":1}},"line":4},"1":{"name":"(anonymous_1)","decl":{"start":{"line":7,"column":32},"end":{"line":7,"column":33}},"loc":{"start":{"line":7,"column":75},"end":{"line":9,"column":2}},"line":7}},"branchMap":{},"s":{"0":5,"1":334,"2":334,"3":61,"4":334},"f":{"0":334,"1":61},"b":{},"_coverageSchema":"1a1c01bbd47fc00a2c39e90264f33305004495a9","hash":"62f07d29b306a214447092fb0e5e6569d395ca74"}
,"/Users/melon95/repository/react-hooks/src/createStorageState/index.ts": {"path":"/Users/melon95/repository/react-hooks/src/createStorageState/index.ts","statementMap":{"0":{"start":{"line":10,"column":27},"end":{"line":44,"column":1}},"1":{"start":{"line":11,"column":1},"end":{"line":43,"column":3}},"2":{"start":{"line":19,"column":6},"end":{"line":19,"column":13}},"3":{"start":{"line":21,"column":28},"end":{"line":27,"column":4}},"4":{"start":{"line":22,"column":31},"end":{"line":22,"column":51}},"5":{"start":{"line":23,"column":3},"end":{"line":25,"column":4}},"6":{"start":{"line":24,"column":4},"end":{"line":24,"column":44}},"7":{"start":{"line":26,"column":3},"end":{"line":26,"column":67}},"8":{"start":{"line":29,"column":22},"end":{"line":40,"column":3}},"9":{"start":{"line":31,"column":19},"end":{"line":31,"column":59}},"10":{"start":{"line":32,"column":4},"end":{"line":32,"column":21}},"11":{"start":{"line":33,"column":4},"end":{"line":37,"column":5}},"12":{"start":{"line":34,"column":5},"end":{"line":34,"column":29}},"13":{"start":{"line":36,"column":5},"end":{"line":36,"column":45}},"14":{"start":{"line":42,"column":2},"end":{"line":42,"column":30}}},"fnMap":{"0":{"name":"(anonymous_0)","decl":{"start":{"line":10,"column":27},"end":{"line":10,"column":28}},"loc":{"start":{"line":10,"column":49},"end":{"line":44,"column":1}},"line":10},"1":{"name":"(anonymous_1)","decl":{"start":{"line":11,"column":8},"end":{"line":11,"column":9}},"loc":{"start":{"line":14,"column":51},"end":{"line":43,"column":2}},"line":14},"2":{"name":"(anonymous_2)","decl":{"start":{"line":21,"column":40},"end":{"line":21,"column":41}},"loc":{"start":{"line":21,"column":46},"end":{"line":27,"column":3}},"line":21},"3":{"name":"(anonymous_3)","decl":{"start":{"line":30,"column":3},"end":{"line":30,"column":4}},"loc":{"start":{"line":30,"column":34},"end":{"line":38,"column":4}},"line":30}},"branchMap":{"0":{"loc":{"start":{"line":13,"column":2},"end":{"line":13,"column":26}},"type":"default-arg","locations":[{"start":{"line":13,"column":24},"end":{"line":13,"column":26}}],"line":13},"1":{"loc":{"start":{"line":17,"column":3},"end":{"line":17,"column":29}},"type":"default-arg","locations":[{"start":{"line":17,"column":15},"end":{"line":17,"column":29}}],"line":17},"2":{"loc":{"start":{"line":18,"column":3},"end":{"line":18,"column":27}},"type":"default-arg","locations":[{"start":{"line":18,"column":17},"end":{"line":18,"column":27}}],"line":18},"3":{"loc":{"start":{"line":23,"column":3},"end":{"line":25,"column":4}},"type":"if","locations":[{"start":{"line":23,"column":3},"end":{"line":25,"column":4}},{"start":{},"end":{}}],"line":23},"4":{"loc":{"start":{"line":26,"column":10},"end":{"line":26,"column":66}},"type":"cond-expr","locations":[{"start":{"line":26,"column":37},"end":{"line":26,"column":51}},{"start":{"line":26,"column":54},"end":{"line":26,"column":66}}],"line":26},"5":{"loc":{"start":{"line":31,"column":19},"end":{"line":31,"column":59}},"type":"cond-expr","locations":[{"start":{"line":31,"column":39},"end":{"line":31,"column":51}},{"start":{"line":31,"column":54},"end":{"line":31,"column":59}}],"line":31},"6":{"loc":{"start":{"line":33,"column":4},"end":{"line":37,"column":5}},"type":"if","locations":[{"start":{"line":33,"column":4},"end":{"line":37,"column":5}},{"start":{"line":35,"column":11},"end":{"line":37,"column":5}}],"line":33}},"s":{"0":2,"1":2,"2":15,"3":15,"4":8,"5":8,"6":4,"7":4,"8":15,"9":7,"10":7,"11":7,"12":2,"13":5,"14":15},"f":{"0":2,"1":15,"2":8,"3":7},"b":{"0":[7],"1":[15],"2":[15],"3":[4,4],"4":[0,4],"5":[0,7],"6":[2,5]},"_coverageSchema":"1a1c01bbd47fc00a2c39e90264f33305004495a9","hash":"94f10ee5f2b174c5dc9ac7ad40206d66b533b95a"}
,"/Users/melon95/repository/react-hooks/src/dom/useClickAway/index.ts": {"path":"/Users/melon95/repository/react-hooks/src/dom/useClickAway/index.ts","statementMap":{"0":{"start":{"line":7,"column":21},"end":{"line":35,"column":1}},"1":{"start":{"line":12,"column":20},"end":{"line":12,"column":42}},"2":{"start":{"line":13,"column":19},"end":{"line":13,"column":36}},"3":{"start":{"line":14,"column":17},"end":{"line":23,"column":7}},"4":{"start":{"line":15,"column":17},"end":{"line":17,"column":24}},"5":{"start":{"line":18,"column":17},"end":{"line":18,"column":68}},"6":{"start":{"line":18,"column":38},"end":{"line":18,"column":67}},"7":{"start":{"line":19,"column":2},"end":{"line":19,"column":32}},"8":{"start":{"line":20,"column":2},"end":{"line":22,"column":3}},"9":{"start":{"line":21,"column":3},"end":{"line":21,"column":25}},"10":{"start":{"line":24,"column":1},"end":{"line":34,"column":8}},"11":{"start":{"line":25,"column":17},"end":{"line":25,"column":67}},"12":{"start":{"line":26,"column":2},"end":{"line":28,"column":5}},"13":{"start":{"line":27,"column":3},"end":{"line":27,"column":44}},"14":{"start":{"line":29,"column":2},"end":{"line":33,"column":4}},"15":{"start":{"line":30,"column":3},"end":{"line":32,"column":6}},"16":{"start":{"line":31,"column":4},"end":{"line":31,"column":48}}},"fnMap":{"0":{"name":"(anonymous_0)","decl":{"start":{"line":7,"column":21},"end":{"line":7,"column":22}},"loc":{"start":{"line":11,"column":5},"end":{"line":35,"column":1}},"line":11},"1":{"name":"(anonymous_1)","decl":{"start":{"line":14,"column":29},"end":{"line":14,"column":30}},"loc":{"start":{"line":14,"column":43},"end":{"line":23,"column":2}},"line":14},"2":{"name":"(anonymous_2)","decl":{"start":{"line":18,"column":30},"end":{"line":18,"column":31}},"loc":{"start":{"line":18,"column":38},"end":{"line":18,"column":67}},"line":18},"3":{"name":"(anonymous_3)","decl":{"start":{"line":24,"column":11},"end":{"line":24,"column":12}},"loc":{"start":{"line":24,"column":17},"end":{"line":34,"column":2}},"line":24},"4":{"name":"(anonymous_4)","decl":{"start":{"line":26,"column":17},"end":{"line":26,"column":18}},"loc":{"start":{"line":26,"column":27},"end":{"line":28,"column":3}},"line":26},"5":{"name":"(anonymous_5)","decl":{"start":{"line":29,"column":9},"end":{"line":29,"column":10}},"loc":{"start":{"line":29,"column":15},"end":{"line":33,"column":3}},"line":29},"6":{"name":"(anonymous_6)","decl":{"start":{"line":30,"column":18},"end":{"line":30,"column":19}},"loc":{"start":{"line":30,"column":28},"end":{"line":32,"column":4}},"line":30}},"branchMap":{"0":{"loc":{"start":{"line":10,"column":1},"end":{"line":10,"column":47}},"type":"default-arg","locations":[{"start":{"line":10,"column":38},"end":{"line":10,"column":47}}],"line":10},"1":{"loc":{"start":{"line":15,"column":17},"end":{"line":17,"column":24}},"type":"cond-expr","locations":[{"start":{"line":16,"column":5},"end":{"line":16,"column":22}},{"start":{"line":17,"column":5},"end":{"line":17,"column":24}}],"line":15},"2":{"loc":{"start":{"line":20,"column":2},"end":{"line":22,"column":3}},"type":"if","locations":[{"start":{"line":20,"column":2},"end":{"line":22,"column":3}},{"start":{},"end":{}}],"line":20},"3":{"loc":{"start":{"line":25,"column":17},"end":{"line":25,"column":67}},"type":"cond-expr","locations":[{"start":{"line":25,"column":44},"end":{"line":25,"column":53}},{"start":{"line":25,"column":56},"end":{"line":25,"column":67}}],"line":25}},"s":{"0":1,"1":5,"2":5,"3":5,"4":7,"5":7,"6":9,"7":7,"8":7,"9":3,"10":5,"11":2,"12":2,"13":2,"14":2,"15":2,"16":2},"f":{"0":5,"1":7,"2":9,"3":2,"4":2,"5":2,"6":2},"b":{"0":[5],"1":[3,4],"2":[3,4],"3":[2,0]},"_coverageSchema":"1a1c01bbd47fc00a2c39e90264f33305004495a9","hash":"890658eff5f6af62d72528ce1e4d94f3cfbc3813"}
,"/Users/melon95/repository/react-hooks/src/dom/useDocumentVisibility/index.ts": {"path":"/Users/melon95/repository/react-hooks/src/dom/useDocumentVisibility/index.ts","statementMap":{"0":{"start":{"line":5,"column":27},"end":{"line":7,"column":1}},"1":{"start":{"line":6,"column":1},"end":{"line":6,"column":57}},"2":{"start":{"line":9,"column":30},"end":{"line":20,"column":1}},"3":{"start":{"line":11,"column":2},"end":{"line":11,"column":57}},"4":{"start":{"line":12,"column":32},"end":{"line":14,"column":7}},"5":{"start":{"line":13,"column":2},"end":{"line":13,"column":43}},"6":{"start":{"line":16,"column":1},"end":{"line":18,"column":4}},"7":{"start":{"line":19,"column":1},"end":{"line":19,"column":24}}},"fnMap":{"0":{"name":"(anonymous_0)","decl":{"start":{"line":5,"column":27},"end":{"line":5,"column":28}},"loc":{"start":{"line":5,"column":58},"end":{"line":7,"column":1}},"line":5},"1":{"name":"(anonymous_1)","decl":{"start":{"line":9,"column":30},"end":{"line":9,"column":31}},"loc":{"start":{"line":9,"column":61},"end":{"line":20,"column":1}},"line":9},"2":{"name":"(anonymous_2)","decl":{"start":{"line":12,"column":44},"end":{"line":12,"column":45}},"loc":{"start":{"line":12,"column":50},"end":{"line":14,"column":2}},"line":12}},"branchMap":{"0":{"loc":{"start":{"line":6,"column":8},"end":{"line":6,"column":56}},"type":"cond-expr","locations":[{"start":{"line":6,"column":20},"end":{"line":6,"column":44}},{"start":{"line":6,"column":47},"end":{"line":6,"column":56}}],"line":6}},"s":{"0":1,"1":4,"2":1,"3":3,"4":3,"5":1,"6":3,"7":3},"f":{"0":4,"1":3,"2":1},"b":{"0":[3,1]},"_coverageSchema":"1a1c01bbd47fc00a2c39e90264f33305004495a9","hash":"ea5fec6f1d374ef85d98434b942cf9512fb7781d"}
,"/Users/melon95/repository/react-hooks/src/dom/useEventListener/index.ts": {"path":"/Users/melon95/repository/react-hooks/src/dom/useEventListener/index.ts","statementMap":{"0":{"start":{"line":13,"column":25},"end":{"line":39,"column":1}},"1":{"start":{"line":23,"column":5},"end":{"line":23,"column":12}},"2":{"start":{"line":24,"column":20},"end":{"line":24,"column":38}},"3":{"start":{"line":26,"column":22},"end":{"line":28,"column":7}},"4":{"start":{"line":27,"column":2},"end":{"line":27,"column":24}},"5":{"start":{"line":29,"column":1},"end":{"line":38,"column":4}},"6":{"start":{"line":30,"column":2},"end":{"line":34,"column":5}},"7":{"start":{"line":35,"column":2},"end":{"line":37,"column":4}},"8":{"start":{"line":36,"column":3},"end":{"line":36,"column":68}}},"fnMap":{"0":{"name":"(anonymous_0)","decl":{"start":{"line":13,"column":25},"end":{"line":13,"column":26}},"loc":{"start":{"line":17,"column":5},"end":{"line":39,"column":1}},"line":17},"1":{"name":"(anonymous_1)","decl":{"start":{"line":26,"column":34},"end":{"line":26,"column":35}},"loc":{"start":{"line":26,"column":48},"end":{"line":28,"column":2}},"line":26},"2":{"name":"(anonymous_2)","decl":{"start":{"line":29,"column":11},"end":{"line":29,"column":12}},"loc":{"start":{"line":29,"column":17},"end":{"line":38,"column":2}},"line":29},"3":{"name":"(anonymous_3)","decl":{"start":{"line":35,"column":9},"end":{"line":35,"column":10}},"loc":{"start":{"line":35,"column":15},"end":{"line":37,"column":3}},"line":35}},"branchMap":{"0":{"loc":{"start":{"line":16,"column":1},"end":{"line":16,"column":22}},"type":"default-arg","locations":[{"start":{"line":16,"column":20},"end":{"line":16,"column":22}}],"line":16},"1":{"loc":{"start":{"line":19,"column":2},"end":{"line":19,"column":17}},"type":"default-arg","locations":[{"start":{"line":19,"column":11},"end":{"line":19,"column":17}}],"line":19},"2":{"loc":{"start":{"line":20,"column":2},"end":{"line":20,"column":17}},"type":"default-arg","locations":[{"start":{"line":20,"column":12},"end":{"line":20,"column":17}}],"line":20},"3":{"loc":{"start":{"line":21,"column":2},"end":{"line":21,"column":14}},"type":"default-arg","locations":[{"start":{"line":21,"column":9},"end":{"line":21,"column":14}}],"line":21},"4":{"loc":{"start":{"line":22,"column":2},"end":{"line":22,"column":17}},"type":"default-arg","locations":[{"start":{"line":22,"column":12},"end":{"line":22,"column":17}}],"line":22}},"s":{"0":2,"1":5,"2":5,"3":5,"4":2,"5":5,"6":5,"7":5,"8":5},"f":{"0":5,"1":2,"2":5,"3":5},"b":{"0":[0],"1":[0],"2":[5],"3":[5],"4":[5]},"_coverageSchema":"1a1c01bbd47fc00a2c39e90264f33305004495a9","hash":"041e3d1342028ae1f485017859928314ef57fd71"}
,"/Users/melon95/repository/react-hooks/src/dom/useEventTarget/index.ts": {"path":"/Users/melon95/repository/react-hooks/src/dom/useEventTarget/index.ts","statementMap":{"0":{"start":{"line":9,"column":23},"end":{"line":31,"column":1}},"1":{"start":{"line":10,"column":50},"end":{"line":10,"column":57}},"2":{"start":{"line":10,"column":30},"end":{"line":10,"column":31}},"3":{"start":{"line":11,"column":27},"end":{"line":11,"column":49}},"4":{"start":{"line":13,"column":24},"end":{"line":13,"column":46}},"5":{"start":{"line":15,"column":15},"end":{"line":17,"column":7}},"6":{"start":{"line":16,"column":2},"end":{"line":16,"column":25}},"7":{"start":{"line":19,"column":18},"end":{"line":22,"column":2}},"8":{"start":{"line":20,"column":18},"end":{"line":20,"column":70}},"9":{"start":{"line":24,"column":1},"end":{"line":30,"column":12}}},"fnMap":{"0":{"name":"(anonymous_0)","decl":{"start":{"line":9,"column":23},"end":{"line":9,"column":24}},"loc":{"start":{"line":9,"column":50},"end":{"line":31,"column":1}},"line":9},"1":{"name":"(anonymous_1)","decl":{"start":{"line":10,"column":23},"end":{"line":10,"column":24}},"loc":{"start":{"line":10,"column":30},"end":{"line":10,"column":31}},"line":10},"2":{"name":"(anonymous_2)","decl":{"start":{"line":15,"column":27},"end":{"line":15,"column":28}},"loc":{"start":{"line":15,"column":33},"end":{"line":17,"column":2}},"line":15},"3":{"name":"(anonymous_3)","decl":{"start":{"line":20,"column":2},"end":{"line":20,"column":3}},"loc":{"start":{"line":20,"column":18},"end":{"line":20,"column":70}},"line":20}},"branchMap":{"0":{"loc":{"start":{"line":9,"column":24},"end":{"line":9,"column":45}},"type":"default-arg","locations":[{"start":{"line":9,"column":43},"end":{"line":9,"column":45}}],"line":9},"1":{"loc":{"start":{"line":10,"column":9},"end":{"line":10,"column":31}},"type":"default-arg","locations":[{"start":{"line":10,"column":23},"end":{"line":10,"column":31}}],"line":10}},"s":{"0":1,"1":9,"2":2,"3":9,"4":9,"5":9,"6":1,"7":9,"8":4,"9":9},"f":{"0":9,"1":2,"2":1,"3":4},"b":{"0":[2],"1":[5]},"_coverageSchema":"1a1c01bbd47fc00a2c39e90264f33305004495a9","hash":"9cbbe2aad49dd18be01c67a93fbfa5ea3ae71586"}
,"/Users/melon95/repository/react-hooks/src/dom/useExternal/index.ts": {"path":"/Users/melon95/repository/react-hooks/src/dom/useExternal/index.ts","statementMap":{"0":{"start":{"line":41,"column":26},"end":{"line":45,"column":1}},"1":{"start":{"line":42,"column":17},"end":{"line":42,"column":38}},"2":{"start":{"line":43,"column":14},"end":{"line":43,"column":41}},"3":{"start":{"line":44,"column":1},"end":{"line":44,"column":32}},"4":{"start":{"line":47,"column":24},"end":{"line":61,"column":1}},"5":{"start":{"line":52,"column":1},"end":{"line":60,"column":2}},"6":{"start":{"line":54,"column":3},"end":{"line":54,"column":56}},"7":{"start":{"line":56,"column":3},"end":{"line":56,"column":56}},"8":{"start":{"line":58,"column":3},"end":{"line":58,"column":61}},"9":{"start":{"line":63,"column":21},"end":{"line":90,"column":1}},"10":{"start":{"line":67,"column":43},"end":{"line":69,"column":2}},"11":{"start":{"line":70,"column":1},"end":{"line":76,"column":2}},"12":{"start":{"line":71,"column":2},"end":{"line":75,"column":4}},"13":{"start":{"line":78,"column":16},"end":{"line":78,"column":55}},"14":{"start":{"line":79,"column":1},"end":{"line":79,"column":19}},"15":{"start":{"line":80,"column":1},"end":{"line":82,"column":4}},"16":{"start":{"line":81,"column":2},"end":{"line":81,"column":38}},"17":{"start":{"line":83,"column":1},"end":{"line":83,"column":52}},"18":{"start":{"line":85,"column":1},"end":{"line":85,"column":35}},"19":{"start":{"line":86,"column":1},"end":{"line":89,"column":3}},"20":{"start":{"line":92,"column":19},"end":{"line":130,"column":1}},"21":{"start":{"line":96,"column":39},"end":{"line":98,"column":2}},"22":{"start":{"line":99,"column":1},"end":{"line":105,"column":2}},"23":{"start":{"line":100,"column":2},"end":{"line":104,"column":4}},"24":{"start":{"line":107,"column":14},"end":{"line":107,"column":51}},"25":{"start":{"line":109,"column":1},"end":{"line":109,"column":25}},"26":{"start":{"line":110,"column":1},"end":{"line":110,"column":18}},"27":{"start":{"line":111,"column":1},"end":{"line":113,"column":4}},"28":{"start":{"line":112,"column":2},"end":{"line":112,"column":36}},"29":{"start":{"line":116,"column":23},"end":{"line":116,"column":42}},"30":{"start":{"line":118,"column":1},"end":{"line":121,"column":2}},"31":{"start":{"line":119,"column":2},"end":{"line":119,"column":23}},"32":{"start":{"line":120,"column":2},"end":{"line":120,"column":20}},"33":{"start":{"line":123,"column":1},"end":{"line":123,"column":50}},"34":{"start":{"line":125,"column":1},"end":{"line":125,"column":33}},"35":{"start":{"line":126,"column":1},"end":{"line":129,"column":3}},"36":{"start":{"line":132,"column":20},"end":{"line":159,"column":1}},"37":{"start":{"line":133,"column":29},"end":{"line":135,"column":2}},"38":{"start":{"line":137,"column":1},"end":{"line":156,"column":12}},"39":{"start":{"line":138,"column":2},"end":{"line":138,"column":20}},"40":{"start":{"line":138,"column":13},"end":{"line":138,"column":20}},"41":{"start":{"line":139,"column":45},"end":{"line":139,"column":52}},"42":{"start":{"line":140,"column":20},"end":{"line":140,"column":56}},"43":{"start":{"line":141,"column":2},"end":{"line":141,"column":25}},"44":{"start":{"line":141,"column":18},"end":{"line":141,"column":25}},"45":{"start":{"line":142,"column":26},"end":{"line":142,"column":35}},"46":{"start":{"line":143,"column":2},"end":{"line":143,"column":20}},"47":{"start":{"line":145,"column":2},"end":{"line":148,"column":4}},"48":{"start":{"line":146,"column":3},"end":{"line":146,"column":49}},"49":{"start":{"line":147,"column":3},"end":{"line":147,"column":27}},"50":{"start":{"line":149,"column":2},"end":{"line":152,"column":4}},"51":{"start":{"line":150,"column":3},"end":{"line":150,"column":49}},"52":{"start":{"line":151,"column":3},"end":{"line":151,"column":27}},"53":{"start":{"line":153,"column":2},"end":{"line":155,"column":4}},"54":{"start":{"line":154,"column":3},"end":{"line":154,"column":16}},"55":{"start":{"line":158,"column":1},"end":{"line":158,"column":15}}},"fnMap":{"0":{"name":"(anonymous_0)","decl":{"start":{"line":41,"column":26},"end":{"line":41,"column":27}},"loc":{"start":{"line":41,"column":44},"end":{"line":45,"column":1}},"line":41},"1":{"name":"(anonymous_1)","decl":{"start":{"line":47,"column":24},"end":{"line":47,"column":25}},"loc":{"start":{"line":51,"column":19},"end":{"line":61,"column":1}},"line":51},"2":{"name":"(anonymous_2)","decl":{"start":{"line":63,"column":21},"end":{"line":63,"column":22}},"loc":{"start":{"line":66,"column":19},"end":{"line":90,"column":1}},"line":66},"3":{"name":"(anonymous_3)","decl":{"start":{"line":80,"column":30},"end":{"line":80,"column":31}},"loc":{"start":{"line":80,"column":39},"end":{"line":82,"column":2}},"line":80},"4":{"name":"(anonymous_4)","decl":{"start":{"line":92,"column":19},"end":{"line":92,"column":20}},"loc":{"start":{"line":95,"column":19},"end":{"line":130,"column":1}},"line":95},"5":{"name":"(anonymous_5)","decl":{"start":{"line":111,"column":30},"end":{"line":111,"column":31}},"loc":{"start":{"line":111,"column":39},"end":{"line":113,"column":2}},"line":111},"6":{"name":"(anonymous_6)","decl":{"start":{"line":132,"column":20},"end":{"line":132,"column":21}},"loc":{"start":{"line":132,"column":61},"end":{"line":159,"column":1}},"line":132},"7":{"name":"(anonymous_7)","decl":{"start":{"line":137,"column":11},"end":{"line":137,"column":12}},"loc":{"start":{"line":137,"column":17},"end":{"line":156,"column":2}},"line":137},"8":{"name":"(anonymous_8)","decl":{"start":{"line":145,"column":15},"end":{"line":145,"column":16}},"loc":{"start":{"line":145,"column":21},"end":{"line":148,"column":3}},"line":145},"9":{"name":"(anonymous_9)","decl":{"start":{"line":149,"column":16},"end":{"line":149,"column":17}},"loc":{"start":{"line":149,"column":22},"end":{"line":152,"column":3}},"line":149},"10":{"name":"(anonymous_10)","decl":{"start":{"line":153,"column":9},"end":{"line":153,"column":10}},"loc":{"start":{"line":153,"column":15},"end":{"line":155,"column":3}},"line":153}},"branchMap":{"0":{"loc":{"start":{"line":52,"column":1},"end":{"line":60,"column":2}},"type":"switch","locations":[{"start":{"line":53,"column":2},"end":{"line":54,"column":56}},{"start":{"line":55,"column":2},"end":{"line":56,"column":56}},{"start":{"line":57,"column":2},"end":{"line":58,"column":61}}],"line":52},"1":{"loc":{"start":{"line":65,"column":1},"end":{"line":65,"column":30}},"type":"default-arg","locations":[{"start":{"line":65,"column":28},"end":{"line":65,"column":30}}],"line":65},"2":{"loc":{"start":{"line":70,"column":1},"end":{"line":76,"column":2}},"type":"if","locations":[{"start":{"line":70,"column":1},"end":{"line":76,"column":2}},{"start":{},"end":{}}],"line":70},"3":{"loc":{"start":{"line":74,"column":4},"end":{"line":74,"column":74}},"type":"binary-expr","locations":[{"start":{"line":74,"column":5},"end":{"line":74,"column":57}},{"start":{"line":74,"column":62},"end":{"line":74,"column":74}}],"line":74},"4":{"loc":{"start":{"line":94,"column":1},"end":{"line":94,"column":32}},"type":"default-arg","locations":[{"start":{"line":94,"column":30},"end":{"line":94,"column":32}}],"line":94},"5":{"loc":{"start":{"line":99,"column":1},"end":{"line":105,"column":2}},"type":"if","locations":[{"start":{"line":99,"column":1},"end":{"line":105,"column":2}},{"start":{},"end":{}}],"line":99},"6":{"loc":{"start":{"line":103,"column":4},"end":{"line":103,"column":72}},"type":"binary-expr","locations":[{"start":{"line":103,"column":5},"end":{"line":103,"column":55}},{"start":{"line":103,"column":60},"end":{"line":103,"column":72}}],"line":103},"7":{"loc":{"start":{"line":118,"column":1},"end":{"line":121,"column":2}},"type":"if","locations":[{"start":{"line":118,"column":1},"end":{"line":121,"column":2}},{"start":{},"end":{}}],"line":118},"8":{"loc":{"start":{"line":118,"column":5},"end":{"line":118,"column":34}},"type":"binary-expr","locations":[{"start":{"line":118,"column":5},"end":{"line":118,"column":18}},{"start":{"line":118,"column":22},"end":{"line":118,"column":34}}],"line":118},"9":{"loc":{"start":{"line":132,"column":35},"end":{"line":132,"column":56}},"type":"default-arg","locations":[{"start":{"line":132,"column":54},"end":{"line":132,"column":56}}],"line":132},"10":{"loc":{"start":{"line":134,"column":2},"end":{"line":134,"column":38}},"type":"cond-expr","locations":[{"start":{"line":134,"column":9},"end":{"line":134,"column":23}},{"start":{"line":134,"column":26},"end":{"line":134,"column":38}}],"line":134},"11":{"loc":{"start":{"line":138,"column":2},"end":{"line":138,"column":20}},"type":"if","locations":[{"start":{"line":138,"column":2},"end":{"line":138,"column":20}},{"start":{},"end":{}}],"line":138},"12":{"loc":{"start":{"line":139,"column":10},"end":{"line":139,"column":40}},"type":"default-arg","locations":[{"start":{"line":139,"column":17},"end":{"line":139,"column":40}}],"line":139},"13":{"loc":{"start":{"line":141,"column":2},"end":{"line":141,"column":25}},"type":"if","locations":[{"start":{"line":141,"column":2},"end":{"line":141,"column":25}},{"start":{},"end":{}}],"line":141}},"s":{"0":1,"1":10,"2":10,"3":10,"4":1,"5":10,"6":5,"7":4,"8":1,"9":1,"10":5,"11":5,"12":1,"13":4,"14":4,"15":4,"16":1,"17":4,"18":4,"19":4,"20":1,"21":4,"22":4,"23":1,"24":3,"25":3,"26":3,"27":3,"28":1,"29":3,"30":3,"31":1,"32":1,"33":3,"34":3,"35":3,"36":1,"37":20,"38":20,"39":11,"40":1,"41":10,"42":10,"43":10,"44":1,"45":9,"46":9,"47":9,"48":6,"49":6,"50":9,"51":1,"52":1,"53":9,"54":9,"55":20},"f":{"0":10,"1":10,"2":5,"3":1,"4":4,"5":1,"6":20,"7":11,"8":6,"9":1,"10":9},"b":{"0":[5,4,1],"1":[4],"2":[1,4],"3":[1,0],"4":[3],"5":[1,3],"6":[1,0],"7":[1,2],"8":[3,1],"9":[16],"10":[19,1],"11":[1,10],"12":[10],"13":[1,9]},"_coverageSchema":"1a1c01bbd47fc00a2c39e90264f33305004495a9","hash":"4e6dbc14adee6812d8c7c707d8f53dc0e53fc6be"}
,"/Users/melon95/repository/react-hooks/src/dom/useFavicon/index.ts": {"path":"/Users/melon95/repository/react-hooks/src/dom/useFavicon/index.ts","statementMap":{"0":{"start":{"line":3,"column":19},"end":{"line":8,"column":1}},"1":{"start":{"line":12,"column":19},"end":{"line":26,"column":1}},"2":{"start":{"line":13,"column":1},"end":{"line":25,"column":12}},"3":{"start":{"line":14,"column":2},"end":{"line":14,"column":20}},"4":{"start":{"line":14,"column":13},"end":{"line":14,"column":20}},"5":{"start":{"line":15,"column":17},"end":{"line":15,"column":65}},"6":{"start":{"line":17,"column":3},"end":{"line":18,"column":33}},"7":{"start":{"line":20,"column":2},"end":{"line":20,"column":19}},"8":{"start":{"line":21,"column":2},"end":{"line":21,"column":29}},"9":{"start":{"line":22,"column":2},"end":{"line":22,"column":33}},"10":{"start":{"line":24,"column":2},"end":{"line":24,"column":34}}},"fnMap":{"0":{"name":"(anonymous_0)","decl":{"start":{"line":12,"column":19},"end":{"line":12,"column":20}},"loc":{"start":{"line":12,"column":37},"end":{"line":26,"column":1}},"line":12},"1":{"name":"(anonymous_1)","decl":{"start":{"line":13,"column":11},"end":{"line":13,"column":12}},"loc":{"start":{"line":13,"column":17},"end":{"line":25,"column":2}},"line":13}},"branchMap":{"0":{"loc":{"start":{"line":14,"column":2},"end":{"line":14,"column":20}},"type":"if","locations":[{"start":{"line":14,"column":2},"end":{"line":14,"column":20}},{"start":{},"end":{}}],"line":14},"1":{"loc":{"start":{"line":17,"column":3},"end":{"line":18,"column":33}},"type":"binary-expr","locations":[{"start":{"line":17,"column":3},"end":{"line":17,"column":46}},{"start":{"line":18,"column":3},"end":{"line":18,"column":33}}],"line":17}},"s":{"0":1,"1":1,"2":6,"3":6,"4":1,"5":5,"6":5,"7":5,"8":5,"9":5,"10":5},"f":{"0":6,"1":6},"b":{"0":[1,5],"1":[5,1]},"_coverageSchema":"1a1c01bbd47fc00a2c39e90264f33305004495a9","hash":"62bb2aa0ec3743c55ea4b2183722d5aadf8e32d5"}
,"/Users/melon95/repository/react-hooks/src/dom/useFullscreen/index.ts": {"path":"/Users/melon95/repository/react-hooks/src/dom/useFullscreen/index.ts","statementMap":{"0":{"start":{"line":27,"column":25},"end":{"line":27,"column":49}},"1":{"start":{"line":29,"column":22},"end":{"line":29,"column":51}},"2":{"start":{"line":29,"column":28},"end":{"line":29,"column":51}},"3":{"start":{"line":30,"column":29},"end":{"line":30,"column":55}},"4":{"start":{"line":30,"column":35},"end":{"line":30,"column":55}},"5":{"start":{"line":31,"column":29},"end":{"line":31,"column":53}},"6":{"start":{"line":31,"column":35},"end":{"line":31,"column":53}},"7":{"start":{"line":33,"column":25},"end":{"line":42,"column":1}},"8":{"start":{"line":34,"column":1},"end":{"line":34,"column":26}},"9":{"start":{"line":34,"column":14},"end":{"line":34,"column":26}},"10":{"start":{"line":35,"column":1},"end":{"line":37,"column":2}},"11":{"start":{"line":36,"column":2},"end":{"line":36,"column":18}},"12":{"start":{"line":38,"column":1},"end":{"line":40,"column":2}},"13":{"start":{"line":39,"column":2},"end":{"line":39,"column":24}},"14":{"start":{"line":41,"column":1},"end":{"line":41,"column":15}},"15":{"start":{"line":44,"column":22},"end":{"line":149,"column":1}},"16":{"start":{"line":45,"column":27},"end":{"line":45,"column":42}},"17":{"start":{"line":46,"column":53},"end":{"line":46,"column":60}},"18":{"start":{"line":48,"column":2},"end":{"line":48,"column":68}},"19":{"start":{"line":50,"column":25},"end":{"line":50,"column":43}},"20":{"start":{"line":51,"column":24},"end":{"line":51,"column":41}},"21":{"start":{"line":53,"column":24},"end":{"line":59,"column":2}},"22":{"start":{"line":54,"column":2},"end":{"line":58,"column":3}},"23":{"start":{"line":55,"column":3},"end":{"line":55,"column":31}},"24":{"start":{"line":57,"column":3},"end":{"line":57,"column":30}},"25":{"start":{"line":61,"column":28},"end":{"line":71,"column":3}},"26":{"start":{"line":62,"column":2},"end":{"line":70,"column":3}},"27":{"start":{"line":63,"column":3},"end":{"line":63,"column":19}},"28":{"start":{"line":64,"column":3},"end":{"line":64,"column":25}},"29":{"start":{"line":65,"column":3},"end":{"line":65,"column":48}},"30":{"start":{"line":67,"column":24},"end":{"line":67,"column":75}},"31":{"start":{"line":68,"column":3},"end":{"line":68,"column":26}},"32":{"start":{"line":69,"column":3},"end":{"line":69,"column":32}},"33":{"start":{"line":73,"column":30},"end":{"line":95,"column":2}},"34":{"start":{"line":74,"column":23},"end":{"line":74,"column":62}},"35":{"start":{"line":75,"column":13},"end":{"line":75,"column":37}},"36":{"start":{"line":76,"column":2},"end":{"line":76,"column":18}},"37":{"start":{"line":76,"column":11},"end":{"line":76,"column":18}},"38":{"start":{"line":77,"column":2},"end":{"line":90,"column":3}},"39":{"start":{"line":78,"column":3},"end":{"line":78,"column":31}},"40":{"start":{"line":79,"column":3},"end":{"line":84,"column":4}},"41":{"start":{"line":80,"column":18},"end":{"line":80,"column":49}},"42":{"start":{"line":81,"column":4},"end":{"line":81,"column":25}},"43":{"start":{"line":82,"column":4},"end":{"line":82,"column":165}},"44":{"start":{"line":83,"column":4},"end":{"line":83,"column":26}},"45":{"start":{"line":86,"column":3},"end":{"line":86,"column":34}},"46":{"start":{"line":87,"column":3},"end":{"line":89,"column":4}},"47":{"start":{"line":88,"column":4},"end":{"line":88,"column":26}},"48":{"start":{"line":91,"column":2},"end":{"line":94,"column":3}},"49":{"start":{"line":92,"column":3},"end":{"line":92,"column":34}},"50":{"start":{"line":93,"column":3},"end":{"line":93,"column":28}},"51":{"start":{"line":97,"column":25},"end":{"line":108,"column":2}},"52":{"start":{"line":98,"column":13},"end":{"line":98,"column":37}},"53":{"start":{"line":99,"column":2},"end":{"line":99,"column":18}},"54":{"start":{"line":99,"column":11},"end":{"line":99,"column":18}},"55":{"start":{"line":100,"column":2},"end":{"line":107,"column":3}},"56":{"start":{"line":101,"column":3},"end":{"line":104,"column":4}},"57":{"start":{"line":102,"column":4},"end":{"line":102,"column":31}},"58":{"start":{"line":103,"column":4},"end":{"line":103,"column":11}},"59":{"start":{"line":105,"column":3},"end":{"line":105,"column":26}},"60":{"start":{"line":106,"column":3},"end":{"line":106,"column":47}},"61":{"start":{"line":110,"column":24},"end":{"line":121,"column":2}},"62":{"start":{"line":111,"column":2},"end":{"line":111,"column":40}},"63":{"start":{"line":111,"column":33},"end":{"line":111,"column":40}},"64":{"start":{"line":112,"column":2},"end":{"line":120,"column":3}},"65":{"start":{"line":113,"column":3},"end":{"line":116,"column":4}},"66":{"start":{"line":114,"column":4},"end":{"line":114,"column":32}},"67":{"start":{"line":115,"column":4},"end":{"line":115,"column":11}},"68":{"start":{"line":117,"column":3},"end":{"line":119,"column":4}},"69":{"start":{"line":118,"column":4},"end":{"line":118,"column":22}},"70":{"start":{"line":123,"column":26},"end":{"line":132,"column":2}},"71":{"start":{"line":124,"column":2},"end":{"line":124,"column":40}},"72":{"start":{"line":124,"column":33},"end":{"line":124,"column":40}},"73":{"start":{"line":125,"column":2},"end":{"line":131,"column":3}},"74":{"start":{"line":126,"column":3},"end":{"line":130,"column":4}},"75":{"start":{"line":127,"column":4},"end":{"line":127,"column":21}},"76":{"start":{"line":129,"column":4},"end":{"line":129,"column":22}},"77":{"start":{"line":134,"column":1},"end":{"line":138,"column":4}},"78":{"start":{"line":135,"column":2},"end":{"line":137,"column":3}},"79":{"start":{"line":136,"column":3},"end":{"line":136,"column":48}},"80":{"start":{"line":140,"column":1},"end":{"line":148,"column":12}}},"fnMap":{"0":{"name":"(anonymous_0)","decl":{"start":{"line":29,"column":22},"end":{"line":29,"column":23}},"loc":{"start":{"line":29,"column":28},"end":{"line":29,"column":51}},"line":29},"1":{"name":"(anonymous_1)","decl":{"start":{"line":30,"column":29},"end":{"line":30,"column":30}},"loc":{"start":{"line":30,"column":35},"end":{"line":30,"column":55}},"line":30},"2":{"name":"(anonymous_2)","decl":{"start":{"line":31,"column":29},"end":{"line":31,"column":30}},"loc":{"start":{"line":31,"column":35},"end":{"line":31,"column":53}},"line":31},"3":{"name":"(anonymous_3)","decl":{"start":{"line":33,"column":25},"end":{"line":33,"column":26}},"loc":{"start":{"line":33,"column":63},"end":{"line":42,"column":1}},"line":33},"4":{"name":"(anonymous_4)","decl":{"start":{"line":44,"column":22},"end":{"line":44,"column":23}},"loc":{"start":{"line":44,"column":70},"end":{"line":149,"column":1}},"line":44},"5":{"name":"(anonymous_5)","decl":{"start":{"line":53,"column":24},"end":{"line":53,"column":25}},"loc":{"start":{"line":53,"column":51},"end":{"line":59,"column":2}},"line":53},"6":{"name":"(anonymous_6)","decl":{"start":{"line":61,"column":42},"end":{"line":61,"column":43}},"loc":{"start":{"line":61,"column":48},"end":{"line":71,"column":2}},"line":61},"7":{"name":"(anonymous_7)","decl":{"start":{"line":73,"column":30},"end":{"line":73,"column":31}},"loc":{"start":{"line":73,"column":59},"end":{"line":95,"column":2}},"line":73},"8":{"name":"(anonymous_8)","decl":{"start":{"line":97,"column":25},"end":{"line":97,"column":26}},"loc":{"start":{"line":97,"column":31},"end":{"line":108,"column":2}},"line":97},"9":{"name":"(anonymous_9)","decl":{"start":{"line":110,"column":24},"end":{"line":110,"column":25}},"loc":{"start":{"line":110,"column":30},"end":{"line":121,"column":2}},"line":110},"10":{"name":"(anonymous_10)","decl":{"start":{"line":123,"column":26},"end":{"line":123,"column":27}},"loc":{"start":{"line":123,"column":32},"end":{"line":132,"column":2}},"line":123},"11":{"name":"(anonymous_11)","decl":{"start":{"line":134,"column":12},"end":{"line":134,"column":13}},"loc":{"start":{"line":134,"column":18},"end":{"line":138,"column":2}},"line":134}},"branchMap":{"0":{"loc":{"start":{"line":34,"column":1},"end":{"line":34,"column":26}},"type":"if","locations":[{"start":{"line":34,"column":1},"end":{"line":34,"column":26}},{"start":{},"end":{}}],"line":34},"1":{"loc":{"start":{"line":35,"column":1},"end":{"line":37,"column":2}},"type":"if","locations":[{"start":{"line":35,"column":1},"end":{"line":37,"column":2}},{"start":{},"end":{}}],"line":35},"2":{"loc":{"start":{"line":38,"column":1},"end":{"line":40,"column":2}},"type":"if","locations":[{"start":{"line":38,"column":1},"end":{"line":40,"column":2}},{"start":{},"end":{}}],"line":38},"3":{"loc":{"start":{"line":44,"column":44},"end":{"line":44,"column":65}},"type":"default-arg","locations":[{"start":{"line":44,"column":63},"end":{"line":44,"column":65}}],"line":44},"4":{"loc":{"start":{"line":46,"column":26},"end":{"line":46,"column":48}},"type":"default-arg","locations":[{"start":{"line":46,"column":43},"end":{"line":46,"column":48}}],"line":46},"5":{"loc":{"start":{"line":47,"column":9},"end":{"line":47,"column":37}},"type":"default-arg","locations":[{"start":{"line":47,"column":21},"end":{"line":47,"column":37}}],"line":47},"6":{"loc":{"start":{"line":47,"column":39},"end":{"line":47,"column":52}},"type":"default-arg","locations":[{"start":{"line":47,"column":48},"end":{"line":47,"column":52}}],"line":47},"7":{"loc":{"start":{"line":48,"column":2},"end":{"line":48,"column":68}},"type":"cond-expr","locations":[{"start":{"line":48,"column":49},"end":{"line":48,"column":51}},{"start":{"line":48,"column":54},"end":{"line":48,"column":68}}],"line":48},"8":{"loc":{"start":{"line":48,"column":2},"end":{"line":48,"column":46}},"type":"binary-expr","locations":[{"start":{"line":48,"column":2},"end":{"line":48,"column":27}},{"start":{"line":48,"column":31},"end":{"line":48,"column":46}}],"line":48},"9":{"loc":{"start":{"line":54,"column":2},"end":{"line":58,"column":3}},"type":"if","locations":[{"start":{"line":54,"column":2},"end":{"line":58,"column":3}},{"start":{"line":56,"column":9},"end":{"line":58,"column":3}}],"line":54},"10":{"loc":{"start":{"line":62,"column":2},"end":{"line":70,"column":3}},"type":"if","locations":[{"start":{"line":62,"column":2},"end":{"line":70,"column":3}},{"start":{"line":66,"column":9},"end":{"line":70,"column":3}}],"line":62},"11":{"loc":{"start":{"line":76,"column":2},"end":{"line":76,"column":18}},"type":"if","locations":[{"start":{"line":76,"column":2},"end":{"line":76,"column":18}},{"start":{},"end":{}}],"line":76},"12":{"loc":{"start":{"line":77,"column":2},"end":{"line":90,"column":3}},"type":"if","locations":[{"start":{"line":77,"column":2},"end":{"line":90,"column":3}},{"start":{"line":85,"column":9},"end":{"line":90,"column":3}}],"line":77},"13":{"loc":{"start":{"line":79,"column":3},"end":{"line":84,"column":4}},"type":"if","locations":[{"start":{"line":79,"column":3},"end":{"line":84,"column":4}},{"start":{},"end":{}}],"line":79},"14":{"loc":{"start":{"line":87,"column":3},"end":{"line":89,"column":4}},"type":"if","locations":[{"start":{"line":87,"column":3},"end":{"line":89,"column":4}},{"start":{},"end":{}}],"line":87},"15":{"loc":{"start":{"line":91,"column":2},"end":{"line":94,"column":3}},"type":"if","locations":[{"start":{"line":91,"column":2},"end":{"line":94,"column":3}},{"start":{},"end":{}}],"line":91},"16":{"loc":{"start":{"line":99,"column":2},"end":{"line":99,"column":18}},"type":"if","locations":[{"start":{"line":99,"column":2},"end":{"line":99,"column":18}},{"start":{},"end":{}}],"line":99},"17":{"loc":{"start":{"line":100,"column":2},"end":{"line":107,"column":3}},"type":"if","locations":[{"start":{"line":100,"column":2},"end":{"line":107,"column":3}},{"start":{},"end":{}}],"line":100},"18":{"loc":{"start":{"line":101,"column":3},"end":{"line":104,"column":4}},"type":"if","locations":[{"start":{"line":101,"column":3},"end":{"line":104,"column":4}},{"start":{},"end":{}}],"line":101},"19":{"loc":{"start":{"line":111,"column":2},"end":{"line":111,"column":40}},"type":"if","locations":[{"start":{"line":111,"column":2},"end":{"line":111,"column":40}},{"start":{},"end":{}}],"line":111},"20":{"loc":{"start":{"line":112,"column":2},"end":{"line":120,"column":3}},"type":"if","locations":[{"start":{"line":112,"column":2},"end":{"line":120,"column":3}},{"start":{},"end":{}}],"line":112},"21":{"loc":{"start":{"line":113,"column":3},"end":{"line":116,"column":4}},"type":"if","locations":[{"start":{"line":113,"column":3},"end":{"line":116,"column":4}},{"start":{},"end":{}}],"line":113},"22":{"loc":{"start":{"line":117,"column":3},"end":{"line":119,"column":4}},"type":"if","locations":[{"start":{"line":117,"column":3},"end":{"line":119,"column":4}},{"start":{},"end":{}}],"line":117},"23":{"loc":{"start":{"line":124,"column":2},"end":{"line":124,"column":40}},"type":"if","locations":[{"start":{"line":124,"column":2},"end":{"line":124,"column":40}},{"start":{},"end":{}}],"line":124},"24":{"loc":{"start":{"line":125,"column":2},"end":{"line":131,"column":3}},"type":"if","locations":[{"start":{"line":125,"column":2},"end":{"line":131,"column":3}},{"start":{},"end":{}}],"line":125},"25":{"loc":{"start":{"line":126,"column":3},"end":{"line":130,"column":4}},"type":"if","locations":[{"start":{"line":126,"column":3},"end":{"line":130,"column":4}},{"start":{"line":128,"column":10},"end":{"line":130,"column":4}}],"line":126},"26":{"loc":{"start":{"line":135,"column":2},"end":{"line":137,"column":3}},"type":"if","locations":[{"start":{"line":135,"column":2},"end":{"line":137,"column":3}},{"start":{},"end":{}}],"line":135},"27":{"loc":{"start":{"line":135,"column":6},"end":{"line":135,"column":47}},"type":"binary-expr","locations":[{"start":{"line":135,"column":6},"end":{"line":135,"column":28}},{"start":{"line":135,"column":32},"end":{"line":135,"column":47}}],"line":135}},"s":{"0":1,"1":1,"2":14,"3":1,"4":58,"5":1,"6":15,"7":1,"8":40,"9":1,"10":39,"11":0,"12":39,"13":0,"14":39,"15":1,"16":26,"17":26,"18":26,"19":26,"20":26,"21":26,"22":16,"23":9,"24":7,"25":26,"26":14,"27":4,"28":4,"29":4,"30":10,"31":10,"32":10,"33":26,"34":2,"35":2,"36":2,"37":0,"38":2,"39":1,"40":1,"41":1,"42":1,"43":1,"44":1,"45":1,"46":1,"47":1,"48":2,"49":2,"50":2,"51":26,"52":11,"53":11,"54":1,"55":10,"56":10,"57":1,"58":1,"59":9,"60":9,"61":26,"62":6,"63":0,"64":6,"65":6,"66":1,"67":1,"68":5,"69":4,"70":26,"71":6,"72":0,"73":6,"74":6,"75":3,"76":3,"77":26,"78":10,"79":9,"80":26},"f":{"0":14,"1":58,"2":15,"3":40,"4":26,"5":16,"6":14,"7":2,"8":11,"9":6,"10":6,"11":10},"b":{"0":[1,39],"1":[0,39],"2":[0,39],"3":[18],"4":[23],"5":[23],"6":[23],"7":[23,3],"8":[26,3],"9":[9,7],"10":[4,10],"11":[0,2],"12":[1,1],"13":[1,0],"14":[1,0],"15":[2,0],"16":[1,10],"17":[10,0],"18":[1,9],"19":[0,6],"20":[6,0],"21":[1,5],"22":[4,1],"23":[0,6],"24":[6,0],"25":[3,3],"26":[9,1],"27":[10,10]},"_coverageSchema":"1a1c01bbd47fc00a2c39e90264f33305004495a9","hash":"d3e99a1df087ad4c02ba6cffe67472a60fadc90b"}
,"/Users/melon95/repository/react-hooks/src/dom/useHover/index.ts": {"path":"/Users/melon95/repository/react-hooks/src/dom/useHover/index.ts","statementMap":{"0":{"start":{"line":13,"column":25},"end":{"line":22,"column":1}},"1":{"start":{"line":14,"column":2},"end":{"line":14,"column":22}},"2":{"start":{"line":14,"column":15},"end":{"line":14,"column":22}},"3":{"start":{"line":15,"column":2},"end":{"line":17,"column":3}},"4":{"start":{"line":16,"column":4},"end":{"line":16,"column":19}},"5":{"start":{"line":18,"column":2},"end":{"line":20,"column":3}},"6":{"start":{"line":19,"column":4},"end":{"line":19,"column":25}},"7":{"start":{"line":21,"column":2},"end":{"line":21,"column":15}},"8":{"start":{"line":24,"column":17},"end":{"line":51,"column":1}},"9":{"start":{"line":25,"column":41},"end":{"line":25,"column":48}},"10":{"start":{"line":26,"column":28},"end":{"line":26,"column":43}},"11":{"start":{"line":28,"column":23},"end":{"line":32,"column":4}},"12":{"start":{"line":29,"column":6},"end":{"line":29,"column":20}},"13":{"start":{"line":30,"column":6},"end":{"line":30,"column":17}},"14":{"start":{"line":31,"column":6},"end":{"line":31,"column":22}},"15":{"start":{"line":34,"column":21},"end":{"line":38,"column":6}},"16":{"start":{"line":35,"column":6},"end":{"line":35,"column":21}},"17":{"start":{"line":36,"column":6},"end":{"line":36,"column":17}},"18":{"start":{"line":37,"column":6},"end":{"line":37,"column":23}},"19":{"start":{"line":39,"column":2},"end":{"line":48,"column":14}},"20":{"start":{"line":40,"column":15},"end":{"line":40,"column":39}},"21":{"start":{"line":41,"column":4},"end":{"line":41,"column":20}},"22":{"start":{"line":41,"column":13},"end":{"line":41,"column":20}},"23":{"start":{"line":42,"column":4},"end":{"line":42,"column":51}},"24":{"start":{"line":43,"column":4},"end":{"line":43,"column":49}},"25":{"start":{"line":44,"column":4},"end":{"line":47,"column":5}},"26":{"start":{"line":45,"column":6},"end":{"line":45,"column":56}},"27":{"start":{"line":46,"column":6},"end":{"line":46,"column":54}},"28":{"start":{"line":50,"column":2},"end":{"line":50,"column":14}}},"fnMap":{"0":{"name":"(anonymous_0)","decl":{"start":{"line":13,"column":25},"end":{"line":13,"column":26}},"loc":{"start":{"line":13,"column":50},"end":{"line":22,"column":1}},"line":13},"1":{"name":"(anonymous_1)","decl":{"start":{"line":24,"column":17},"end":{"line":24,"column":18}},"loc":{"start":{"line":24,"column":65},"end":{"line":51,"column":1}},"line":24},"2":{"name":"(anonymous_2)","decl":{"start":{"line":28,"column":37},"end":{"line":28,"column":38}},"loc":{"start":{"line":28,"column":56},"end":{"line":32,"column":3}},"line":28},"3":{"name":"(anonymous_3)","decl":{"start":{"line":34,"column":35},"end":{"line":34,"column":36}},"loc":{"start":{"line":34,"column":54},"end":{"line":38,"column":5}},"line":34},"4":{"name":"(anonymous_4)","decl":{"start":{"line":39,"column":12},"end":{"line":39,"column":13}},"loc":{"start":{"line":39,"column":18},"end":{"line":48,"column":3}},"line":39},"5":{"name":"(anonymous_5)","decl":{"start":{"line":44,"column":11},"end":{"line":44,"column":12}},"loc":{"start":{"line":44,"column":17},"end":{"line":47,"column":5}},"line":44}},"branchMap":{"0":{"loc":{"start":{"line":14,"column":2},"end":{"line":14,"column":22}},"type":"if","locations":[{"start":{"line":14,"column":2},"end":{"line":14,"column":22}},{"start":{},"end":{}}],"line":14},"1":{"loc":{"start":{"line":15,"column":2},"end":{"line":17,"column":3}},"type":"if","locations":[{"start":{"line":15,"column":2},"end":{"line":17,"column":3}},{"start":{},"end":{}}],"line":15},"2":{"loc":{"start":{"line":18,"column":2},"end":{"line":20,"column":3}},"type":"if","locations":[{"start":{"line":18,"column":2},"end":{"line":20,"column":3}},{"start":{},"end":{}}],"line":18},"3":{"loc":{"start":{"line":24,"column":39},"end":{"line":24,"column":60}},"type":"default-arg","locations":[{"start":{"line":24,"column":58},"end":{"line":24,"column":60}}],"line":24},"4":{"loc":{"start":{"line":41,"column":4},"end":{"line":41,"column":20}},"type":"if","locations":[{"start":{"line":41,"column":4},"end":{"line":41,"column":20}},{"start":{},"end":{}}],"line":41}},"s":{"0":1,"1":1,"2":0,"3":1,"4":0,"5":1,"6":0,"7":1,"8":1,"9":3,"10":3,"11":3,"12":1,"13":1,"14":1,"15":3,"16":1,"17":1,"18":1,"19":3,"20":1,"21":1,"22":0,"23":1,"24":1,"25":1,"26":1,"27":1,"28":3},"f":{"0":1,"1":3,"2":1,"3":1,"4":1,"5":1},"b":{"0":[0,1],"1":[0,1],"2":[0,1],"3":[0],"4":[0,1]},"_coverageSchema":"1a1c01bbd47fc00a2c39e90264f33305004495a9","hash":"d3608e047d7449737b1c248d3f57a7f54b2e36d8"}
,"/Users/melon95/repository/react-hooks/src/dom/useTitle/index.ts": {"path":"/Users/melon95/repository/react-hooks/src/dom/useTitle/index.ts","statementMap":{"0":{"start":{"line":7,"column":17},"end":{"line":15,"column":1}},"1":{"start":{"line":8,"column":1},"end":{"line":14,"column":13}},"2":{"start":{"line":9,"column":19},"end":{"line":9,"column":33}},"3":{"start":{"line":10,"column":2},"end":{"line":10,"column":25}},"4":{"start":{"line":11,"column":2},"end":{"line":13,"column":4}},"5":{"start":{"line":12,"column":3},"end":{"line":12,"column":59}}},"fnMap":{"0":{"name":"(anonymous_0)","decl":{"start":{"line":7,"column":17},"end":{"line":7,"column":18}},"loc":{"start":{"line":7,"column":59},"end":{"line":15,"column":1}},"line":7},"1":{"name":"(anonymous_1)","decl":{"start":{"line":8,"column":11},"end":{"line":8,"column":12}},"loc":{"start":{"line":8,"column":17},"end":{"line":14,"column":2}},"line":8},"2":{"name":"(anonymous_2)","decl":{"start":{"line":11,"column":9},"end":{"line":11,"column":10}},"loc":{"start":{"line":11,"column":15},"end":{"line":13,"column":3}},"line":11}},"branchMap":{"0":{"loc":{"start":{"line":7,"column":33},"end":{"line":7,"column":54}},"type":"default-arg","locations":[{"start":{"line":7,"column":52},"end":{"line":7,"column":54}}],"line":7},"1":{"loc":{"start":{"line":12,"column":3},"end":{"line":12,"column":58}},"type":"binary-expr","locations":[{"start":{"line":12,"column":3},"end":{"line":12,"column":27}},{"start":{"line":12,"column":32},"end":{"line":12,"column":57}}],"line":12}},"s":{"0":1,"1":4,"2":4,"3":4,"4":4,"5":4},"f":{"0":4,"1":4,"2":4},"b":{"0":[2],"1":[4,1]},"_coverageSchema":"1a1c01bbd47fc00a2c39e90264f33305004495a9","hash":"539fefcf8b56a69cef4ae0cafef53dfa9f480e95"}
,"/Users/melon95/repository/react-hooks/src/effect/createDeepCompareEffect/index.ts": {"path":"/Users/melon95/repository/react-hooks/src/effect/createDeepCompareEffect/index.ts","statementMap":{"0":{"start":{"line":4,"column":32},"end":{"line":14,"column":1}},"1":{"start":{"line":5,"column":1},"end":{"line":13,"column":3}},"2":{"start":{"line":6,"column":14},"end":{"line":6,"column":38}},"3":{"start":{"line":8,"column":2},"end":{"line":10,"column":3}},"4":{"start":{"line":9,"column":3},"end":{"line":9,"column":22}},"5":{"start":{"line":12,"column":2},"end":{"line":12,"column":34}}},"fnMap":{"0":{"name":"(anonymous_0)","decl":{"start":{"line":4,"column":32},"end":{"line":4,"column":33}},"loc":{"start":{"line":4,"column":56},"end":{"line":14,"column":1}},"line":4},"1":{"name":"(anonymous_1)","decl":{"start":{"line":5,"column":8},"end":{"line":5,"column":9}},"loc":{"start":{"line":5,"column":59},"end":{"line":13,"column":2}},"line":5}},"branchMap":{"0":{"loc":{"start":{"line":8,"column":2},"end":{"line":10,"column":3}},"type":"if","locations":[{"start":{"line":8,"column":2},"end":{"line":10,"column":3}},{"start":{},"end":{}}],"line":8}},"s":{"0":2,"1":2,"2":6,"3":6,"4":2,"5":6},"f":{"0":2,"1":6},"b":{"0":[2,4]},"_coverageSchema":"1a1c01bbd47fc00a2c39e90264f33305004495a9","hash":"ff300ecf9e0cd65f0cdddfae5962bda90d7bf43f"}
,"/Users/melon95/repository/react-hooks/src/effect/useAsyncEffect/index.ts": {"path":"/Users/melon95/repository/react-hooks/src/effect/useAsyncEffect/index.ts","statementMap":{"0":{"start":{"line":3,"column":23},"end":{"line":28,"column":1}},"1":{"start":{"line":7,"column":1},"end":{"line":27,"column":10}},"2":{"start":{"line":8,"column":14},"end":{"line":8,"column":22}},"3":{"start":{"line":9,"column":17},"end":{"line":9,"column":22}},"4":{"start":{"line":12,"column":3},"end":{"line":20,"column":4}},"5":{"start":{"line":13,"column":4},"end":{"line":13,"column":14}},"6":{"start":{"line":15,"column":4},"end":{"line":19,"column":5}},"7":{"start":{"line":16,"column":5},"end":{"line":18,"column":6}},"8":{"start":{"line":17,"column":6},"end":{"line":17,"column":12}},"9":{"start":{"line":22,"column":2},"end":{"line":22,"column":11}},"10":{"start":{"line":24,"column":2},"end":{"line":26,"column":4}},"11":{"start":{"line":25,"column":3},"end":{"line":25,"column":19}}},"fnMap":{"0":{"name":"(anonymous_0)","decl":{"start":{"line":3,"column":23},"end":{"line":3,"column":24}},"loc":{"start":{"line":6,"column":5},"end":{"line":28,"column":1}},"line":6},"1":{"name":"(anonymous_1)","decl":{"start":{"line":7,"column":11},"end":{"line":7,"column":12}},"loc":{"start":{"line":7,"column":17},"end":{"line":27,"column":2}},"line":7},"2":{"name":"helper","decl":{"start":{"line":11,"column":17},"end":{"line":11,"column":23}},"loc":{"start":{"line":11,"column":26},"end":{"line":21,"column":3}},"line":11},"3":{"name":"(anonymous_3)","decl":{"start":{"line":24,"column":9},"end":{"line":24,"column":10}},"loc":{"start":{"line":24,"column":15},"end":{"line":26,"column":3}},"line":24}},"branchMap":{"0":{"loc":{"start":{"line":12,"column":3},"end":{"line":20,"column":4}},"type":"if","locations":[{"start":{"line":12,"column":3},"end":{"line":20,"column":4}},{"start":{"line":14,"column":10},"end":{"line":20,"column":4}}],"line":12},"1":{"loc":{"start":{"line":16,"column":5},"end":{"line":18,"column":6}},"type":"if","locations":[{"start":{"line":16,"column":5},"end":{"line":18,"column":6}},{"start":{},"end":{}}],"line":16}},"s":{"0":1,"1":6,"2":4,"3":4,"4":4,"5":1,"6":3,"7":3,"8":2,"9":4,"10":4,"11":4},"f":{"0":6,"1":4,"2":4,"3":4},"b":{"0":[1,3],"1":[2,1]},"_coverageSchema":"1a1c01bbd47fc00a2c39e90264f33305004495a9","hash":"d1986c158d1e77a6c4867e1f0d52e770a822a870"}
,"/Users/melon95/repository/react-hooks/src/effect/useDebounceEffect/index.ts": {"path":"/Users/melon95/repository/react-hooks/src/effect/useDebounceEffect/index.ts","statementMap":{"0":{"start":{"line":9,"column":26},"end":{"line":26,"column":1}},"1":{"start":{"line":14,"column":25},"end":{"line":14,"column":37}},"2":{"start":{"line":17,"column":17},"end":{"line":19,"column":12}},"3":{"start":{"line":18,"column":2},"end":{"line":18,"column":14}},"4":{"start":{"line":21,"column":1},"end":{"line":23,"column":10}},"5":{"start":{"line":22,"column":2},"end":{"line":22,"column":15}},"6":{"start":{"line":25,"column":1},"end":{"line":25,"column":33}}},"fnMap":{"0":{"name":"(anonymous_0)","decl":{"start":{"line":9,"column":26},"end":{"line":9,"column":27}},"loc":{"start":{"line":13,"column":5},"end":{"line":26,"column":1}},"line":13},"1":{"name":"(anonymous_1)","decl":{"start":{"line":17,"column":31},"end":{"line":17,"column":32}},"loc":{"start":{"line":17,"column":37},"end":{"line":19,"column":2}},"line":17},"2":{"name":"(anonymous_2)","decl":{"start":{"line":21,"column":11},"end":{"line":21,"column":12}},"loc":{"start":{"line":21,"column":17},"end":{"line":23,"column":2}},"line":21}},"branchMap":{"0":{"loc":{"start":{"line":12,"column":1},"end":{"line":12,"column":39}},"type":"default-arg","locations":[{"start":{"line":12,"column":37},"end":{"line":12,"column":39}}],"line":12}},"s":{"0":1,"1":11,"2":11,"3":7,"4":11,"5":7,"6":11},"f":{"0":11,"1":7,"2":7},"b":{"0":[0]},"_coverageSchema":"1a1c01bbd47fc00a2c39e90264f33305004495a9","hash":"be8d9ec6bfa94103e8363cf6e2be4caccbabceb8"}
,"/Users/melon95/repository/react-hooks/src/effect/useDebounceFn/index.ts": {"path":"/Users/melon95/repository/react-hooks/src/effect/useDebounceFn/index.ts","statementMap":{"0":{"start":{"line":16,"column":22},"end":{"line":36,"column":1}},"1":{"start":{"line":20,"column":68},"end":{"line":20,"column":75}},"2":{"start":{"line":22,"column":21},"end":{"line":29,"column":2}},"3":{"start":{"line":31,"column":1},"end":{"line":35,"column":3}}},"fnMap":{"0":{"name":"(anonymous_0)","decl":{"start":{"line":16,"column":22},"end":{"line":16,"column":23}},"loc":{"start":{"line":19,"column":29},"end":{"line":36,"column":1}},"line":19}},"branchMap":{"0":{"loc":{"start":{"line":18,"column":1},"end":{"line":18,"column":39}},"type":"default-arg","locations":[{"start":{"line":18,"column":37},"end":{"line":18,"column":39}}],"line":18},"1":{"loc":{"start":{"line":20,"column":9},"end":{"line":20,"column":20}},"type":"default-arg","locations":[{"start":{"line":20,"column":16},"end":{"line":20,"column":20}}],"line":20},"2":{"loc":{"start":{"line":20,"column":22},"end":{"line":20,"column":37}},"type":"default-arg","locations":[{"start":{"line":20,"column":32},"end":{"line":20,"column":37}}],"line":20},"3":{"loc":{"start":{"line":20,"column":39},"end":{"line":20,"column":54}},"type":"default-arg","locations":[{"start":{"line":20,"column":50},"end":{"line":20,"column":54}}],"line":20}},"s":{"0":2,"1":12,"2":12,"3":12},"f":{"0":12},"b":{"0":[0],"1":[0],"2":[12],"3":[12]},"_coverageSchema":"1a1c01bbd47fc00a2c39e90264f33305004495a9","hash":"0ae66263fb530a638669cb5051f8ff4ec9351e24"}
,"/Users/melon95/repository/react-hooks/src/effect/useDeepCompareEffect/index.ts": {"path":"/Users/melon95/repository/react-hooks/src/effect/useDeepCompareEffect/index.ts","statementMap":{},"fnMap":{},"branchMap":{},"s":{},"f":{},"b":{},"_coverageSchema":"1a1c01bbd47fc00a2c39e90264f33305004495a9","hash":"216a58e40be687815d3493377395c66fe8d738c6"}
,"/Users/melon95/repository/react-hooks/src/effect/useDeepCompareLayoutEffect/index.ts": {"path":"/Users/melon95/repository/react-hooks/src/effect/useDeepCompareLayoutEffect/index.ts","statementMap":{},"fnMap":{},"branchMap":{},"s":{},"f":{},"b":{},"_coverageSchema":"1a1c01bbd47fc00a2c39e90264f33305004495a9","hash":"c5f354ae438af11f440cb38bac93c89cc1af3fd7"}
,"/Users/melon95/repository/react-hooks/src/effect/useInterval/index.ts": {"path":"/Users/melon95/repository/react-hooks/src/effect/useInterval/index.ts","statementMap":{"0":{"start":{"line":10,"column":20},"end":{"line":32,"column":1}},"1":{"start":{"line":15,"column":21},"end":{"line":15,"column":49}},"2":{"start":{"line":16,"column":21},"end":{"line":16,"column":43}},"3":{"start":{"line":18,"column":15},"end":{"line":20,"column":7}},"4":{"start":{"line":19,"column":2},"end":{"line":19,"column":37}},"5":{"start":{"line":22,"column":1},"end":{"line":29,"column":13}},"6":{"start":{"line":23,"column":2},"end":{"line":23,"column":45}},"7":{"start":{"line":23,"column":38},"end":{"line":23,"column":45}},"8":{"start":{"line":24,"column":2},"end":{"line":26,"column":3}},"9":{"start":{"line":25,"column":3},"end":{"line":25,"column":25}},"10":{"start":{"line":27,"column":2},"end":{"line":27,"column":64}},"11":{"start":{"line":28,"column":2},"end":{"line":28,"column":15}},"12":{"start":{"line":31,"column":1},"end":{"line":31,"column":14}}},"fnMap":{"0":{"name":"(anonymous_0)","decl":{"start":{"line":10,"column":20},"end":{"line":10,"column":21}},"loc":{"start":{"line":14,"column":5},"end":{"line":32,"column":1}},"line":14},"1":{"name":"(anonymous_1)","decl":{"start":{"line":18,"column":27},"end":{"line":18,"column":28}},"loc":{"start":{"line":18,"column":33},"end":{"line":20,"column":2}},"line":18},"2":{"name":"(anonymous_2)","decl":{"start":{"line":22,"column":11},"end":{"line":22,"column":12}},"loc":{"start":{"line":22,"column":17},"end":{"line":29,"column":2}},"line":22}},"branchMap":{"0":{"loc":{"start":{"line":13,"column":1},"end":{"line":13,"column":22}},"type":"default-arg","locations":[{"start":{"line":13,"column":20},"end":{"line":13,"column":22}}],"line":13},"1":{"loc":{"start":{"line":23,"column":2},"end":{"line":23,"column":45}},"type":"if","locations":[{"start":{"line":23,"column":2},"end":{"line":23,"column":45}},{"start":{},"end":{}}],"line":23},"2":{"loc":{"start":{"line":23,"column":6},"end":{"line":23,"column":36}},"type":"binary-expr","locations":[{"start":{"line":23,"column":6},"end":{"line":23,"column":22}},{"start":{"line":23,"column":26},"end":{"line":23,"column":36}}],"line":23},"3":{"loc":{"start":{"line":24,"column":2},"end":{"line":26,"column":3}},"type":"if","locations":[{"start":{"line":24,"column":2},"end":{"line":26,"column":3}},{"start":{},"end":{}}],"line":24}},"s":{"0":2,"1":8,"2":8,"3":8,"4":9,"5":8,"6":8,"7":2,"8":6,"9":1,"10":6,"11":6,"12":8},"f":{"0":8,"1":9,"2":8},"b":{"0":[7],"1":[2,6],"2":[8,7],"3":[1,5]},"_coverageSchema":"1a1c01bbd47fc00a2c39e90264f33305004495a9","hash":"501dc3c1afbd51c3755c458a4ea5d422b67e7676"}
,"/Users/melon95/repository/react-hooks/src/effect/useLockFn/index.ts": {"path":"/Users/melon95/repository/react-hooks/src/effect/useLockFn/index.ts","statementMap":{"0":{"start":{"line":7,"column":18},"end":{"line":28,"column":1}},"1":{"start":{"line":10,"column":17},"end":{"line":10,"column":39}},"2":{"start":{"line":12,"column":16},"end":{"line":26,"column":2}},"3":{"start":{"line":14,"column":3},"end":{"line":14,"column":31}},"4":{"start":{"line":14,"column":24},"end":{"line":14,"column":31}},"5":{"start":{"line":15,"column":3},"end":{"line":15,"column":26}},"6":{"start":{"line":16,"column":3},"end":{"line":23,"column":4}},"7":{"start":{"line":17,"column":16},"end":{"line":17,"column":33}},"8":{"start":{"line":18,"column":4},"end":{"line":18,"column":28}},"9":{"start":{"line":19,"column":4},"end":{"line":19,"column":15}},"10":{"start":{"line":21,"column":4},"end":{"line":21,"column":28}},"11":{"start":{"line":22,"column":4},"end":{"line":22,"column":12}},"12":{"start":{"line":27,"column":1},"end":{"line":27,"column":15}}},"fnMap":{"0":{"name":"(anonymous_0)","decl":{"start":{"line":7,"column":18},"end":{"line":7,"column":19}},"loc":{"start":{"line":9,"column":5},"end":{"line":28,"column":1}},"line":9},"1":{"name":"(anonymous_1)","decl":{"start":{"line":13,"column":2},"end":{"line":13,"column":3}},"loc":{"start":{"line":13,"column":27},"end":{"line":24,"column":3}},"line":13}},"branchMap":{"0":{"loc":{"start":{"line":14,"column":3},"end":{"line":14,"column":31}},"type":"if","locations":[{"start":{"line":14,"column":3},"end":{"line":14,"column":31}},{"start":{},"end":{}}],"line":14}},"s":{"0":1,"1":4,"2":4,"3":5,"4":3,"5":2,"6":2,"7":2,"8":1,"9":1,"10":0,"11":0,"12":4},"f":{"0":4,"1":5},"b":{"0":[3,2]},"_coverageSchema":"1a1c01bbd47fc00a2c39e90264f33305004495a9","hash":"0522076784432e65f581bbbe0f53d858809b1581"}
,"/Users/melon95/repository/react-hooks/src/effect/useRafInterval/index.ts": {"path":"/Users/melon95/repository/react-hooks/src/effect/useRafInterval/index.ts","statementMap":{"0":{"start":{"line":17,"column":39},"end":{"line":18,"column":44}},"1":{"start":{"line":18,"column":1},"end":{"line":18,"column":44}},"2":{"start":{"line":20,"column":26},"end":{"line":42,"column":1}},"3":{"start":{"line":24,"column":26},"end":{"line":26,"column":2}},"4":{"start":{"line":27,"column":1},"end":{"line":40,"column":2}},"5":{"start":{"line":28,"column":14},"end":{"line":28,"column":24}},"6":{"start":{"line":29,"column":15},"end":{"line":36,"column":3}},"7":{"start":{"line":30,"column":15},"end":{"line":30,"column":25}},"8":{"start":{"line":31,"column":3},"end":{"line":34,"column":4}},"9":{"start":{"line":32,"column":4},"end":{"line":32,"column":16}},"10":{"start":{"line":33,"column":4},"end":{"line":33,"column":15}},"11":{"start":{"line":35,"column":3},"end":{"line":35,"column":44}},"12":{"start":{"line":37,"column":2},"end":{"line":37,"column":43}},"13":{"start":{"line":39,"column":2},"end":{"line":39,"column":44}},"14":{"start":{"line":41,"column":1},"end":{"line":41,"column":16}},"15":{"start":{"line":44,"column":23},"end":{"line":74,"column":1}},"16":{"start":{"line":49,"column":21},"end":{"line":49,"column":38}},"17":{"start":{"line":50,"column":22},"end":{"line":50,"column":39}},"18":{"start":{"line":52,"column":15},"end":{"line":60,"column":7}},"19":{"start":{"line":53,"column":2},"end":{"line":59,"column":3}},"20":{"start":{"line":54,"column":3},"end":{"line":58,"column":4}},"21":{"start":{"line":55,"column":4},"end":{"line":55,"column":60}},"22":{"start":{"line":57,"column":4},"end":{"line":57,"column":42}},"23":{"start":{"line":62,"column":1},"end":{"line":71,"column":13}},"24":{"start":{"line":63,"column":2},"end":{"line":63,"column":44}},"25":{"start":{"line":63,"column":37},"end":{"line":63,"column":44}},"26":{"start":{"line":64,"column":2},"end":{"line":66,"column":3}},"27":{"start":{"line":65,"column":3},"end":{"line":65,"column":25}},"28":{"start":{"line":67,"column":2},"end":{"line":69,"column":12}},"29":{"start":{"line":68,"column":3},"end":{"line":68,"column":25}},"30":{"start":{"line":70,"column":2},"end":{"line":70,"column":15}},"31":{"start":{"line":73,"column":1},"end":{"line":73,"column":14}}},"fnMap":{"0":{"name":"(anonymous_0)","decl":{"start":{"line":17,"column":39},"end":{"line":17,"column":40}},"loc":{"start":{"line":18,"column":1},"end":{"line":18,"column":44}},"line":18},"1":{"name":"(anonymous_1)","decl":{"start":{"line":20,"column":26},"end":{"line":20,"column":27}},"loc":{"start":{"line":23,"column":14},"end":{"line":42,"column":1}},"line":23},"2":{"name":"(anonymous_2)","decl":{"start":{"line":29,"column":15},"end":{"line":29,"column":16}},"loc":{"start":{"line":29,"column":21},"end":{"line":36,"column":3}},"line":29},"3":{"name":"(anonymous_3)","decl":{"start":{"line":44,"column":23},"end":{"line":44,"column":24}},"loc":{"start":{"line":48,"column":5},"end":{"line":74,"column":1}},"line":48},"4":{"name":"(anonymous_4)","decl":{"start":{"line":52,"column":27},"end":{"line":52,"column":28}},"loc":{"start":{"line":52,"column":33},"end":{"line":60,"column":2}},"line":52},"5":{"name":"(anonymous_5)","decl":{"start":{"line":62,"column":11},"end":{"line":62,"column":12}},"loc":{"start":{"line":62,"column":17},"end":{"line":71,"column":2}},"line":62},"6":{"name":"(anonymous_6)","decl":{"start":{"line":67,"column":43},"end":{"line":67,"column":44}},"loc":{"start":{"line":67,"column":49},"end":{"line":69,"column":3}},"line":67}},"branchMap":{"0":{"loc":{"start":{"line":27,"column":1},"end":{"line":40,"column":2}},"type":"if","locations":[{"start":{"line":27,"column":1},"end":{"line":40,"column":2}},{"start":{"line":38,"column":8},"end":{"line":40,"column":2}}],"line":27},"1":{"loc":{"start":{"line":31,"column":3},"end":{"line":34,"column":4}},"type":"if","locations":[{"start":{"line":31,"column":3},"end":{"line":34,"column":4}},{"start":{},"end":{}}],"line":31},"2":{"loc":{"start":{"line":47,"column":1},"end":{"line":47,"column":22}},"type":"default-arg","locations":[{"start":{"line":47,"column":20},"end":{"line":47,"column":22}}],"line":47},"3":{"loc":{"start":{"line":53,"column":2},"end":{"line":59,"column":3}},"type":"if","locations":[{"start":{"line":53,"column":2},"end":{"line":59,"column":3}},{"start":{},"end":{}}],"line":53},"4":{"loc":{"start":{"line":54,"column":3},"end":{"line":58,"column":4}},"type":"if","locations":[{"start":{"line":54,"column":3},"end":{"line":58,"column":4}},{"start":{"line":56,"column":10},"end":{"line":58,"column":4}}],"line":54},"5":{"loc":{"start":{"line":63,"column":2},"end":{"line":63,"column":44}},"type":"if","locations":[{"start":{"line":63,"column":2},"end":{"line":63,"column":44}},{"start":{},"end":{}}],"line":63},"6":{"loc":{"start":{"line":63,"column":6},"end":{"line":63,"column":35}},"type":"binary-expr","locations":[{"start":{"line":63,"column":6},"end":{"line":63,"column":22}},{"start":{"line":63,"column":26},"end":{"line":63,"column":35}}],"line":63},"7":{"loc":{"start":{"line":64,"column":2},"end":{"line":66,"column":3}},"type":"if","locations":[{"start":{"line":64,"column":2},"end":{"line":66,"column":3}},{"start":{},"end":{}}],"line":64}},"s":{"0":2,"1":9,"2":2,"3":4,"4":4,"5":3,"6":3,"7":3,"8":3,"9":3,"10":3,"11":3,"12":3,"13":1,"14":4,"15":2,"16":5,"17":5,"18":5,"19":5,"20":5,"21":4,"22":1,"23":5,"24":5,"25":1,"26":4,"27":1,"28":4,"29":4,"30":4,"31":5},"f":{"0":9,"1":4,"2":3,"3":5,"4":5,"5":5,"6":4},"b":{"0":[3,1],"1":[3,0],"2":[4],"3":[5,0],"4":[4,1],"5":[1,4],"6":[5,4],"7":[1,3]},"_coverageSchema":"1a1c01bbd47fc00a2c39e90264f33305004495a9","hash":"b2f81a1ec3ff800cde6364d5f240d0bd494f69e3"}
,"/Users/melon95/repository/react-hooks/src/effect/useRafTimeout/index.ts": {"path":"/Users/melon95/repository/react-hooks/src/effect/useRafTimeout/index.ts","statementMap":{"0":{"start":{"line":10,"column":39},"end":{"line":11,"column":44}},"1":{"start":{"line":11,"column":1},"end":{"line":11,"column":44}},"2":{"start":{"line":13,"column":25},"end":{"line":32,"column":1}},"3":{"start":{"line":14,"column":26},"end":{"line":16,"column":2}},"4":{"start":{"line":17,"column":1},"end":{"line":30,"column":2}},"5":{"start":{"line":18,"column":16},"end":{"line":18,"column":26}},"6":{"start":{"line":20,"column":15},"end":{"line":20,"column":25}},"7":{"start":{"line":21,"column":3},"end":{"line":25,"column":4}},"8":{"start":{"line":22,"column":4},"end":{"line":22,"column":15}},"9":{"start":{"line":24,"column":4},"end":{"line":24,"column":45}},"10":{"start":{"line":27,"column":2},"end":{"line":27,"column":43}},"11":{"start":{"line":29,"column":2},"end":{"line":29,"column":43}},"12":{"start":{"line":31,"column":1},"end":{"line":31,"column":16}},"13":{"start":{"line":34,"column":22},"end":{"line":57,"column":1}},"14":{"start":{"line":35,"column":21},"end":{"line":35,"column":38}},"15":{"start":{"line":36,"column":18},"end":{"line":36,"column":35}},"16":{"start":{"line":38,"column":15},"end":{"line":46,"column":2}},"17":{"start":{"line":39,"column":2},"end":{"line":45,"column":3}},"18":{"start":{"line":40,"column":3},"end":{"line":44,"column":4}},"19":{"start":{"line":41,"column":4},"end":{"line":41,"column":56}},"20":{"start":{"line":43,"column":4},"end":{"line":43,"column":54}},"21":{"start":{"line":48,"column":1},"end":{"line":54,"column":8}},"22":{"start":{"line":49,"column":2},"end":{"line":49,"column":44}},"23":{"start":{"line":49,"column":37},"end":{"line":49,"column":44}},"24":{"start":{"line":50,"column":2},"end":{"line":52,"column":12}},"25":{"start":{"line":51,"column":3},"end":{"line":51,"column":25}},"26":{"start":{"line":53,"column":2},"end":{"line":53,"column":15}},"27":{"start":{"line":56,"column":1},"end":{"line":56,"column":14}}},"fnMap":{"0":{"name":"(anonymous_0)","decl":{"start":{"line":10,"column":39},"end":{"line":10,"column":40}},"loc":{"start":{"line":11,"column":1},"end":{"line":11,"column":44}},"line":11},"1":{"name":"(anonymous_1)","decl":{"start":{"line":13,"column":25},"end":{"line":13,"column":26}},"loc":{"start":{"line":13,"column":74},"end":{"line":32,"column":1}},"line":13},"2":{"name":"loop","decl":{"start":{"line":19,"column":11},"end":{"line":19,"column":15}},"loc":{"start":{"line":19,"column":18},"end":{"line":26,"column":3}},"line":19},"3":{"name":"(anonymous_3)","decl":{"start":{"line":34,"column":22},"end":{"line":34,"column":23}},"loc":{"start":{"line":34,"column":69},"end":{"line":57,"column":1}},"line":34},"4":{"name":"(anonymous_4)","decl":{"start":{"line":38,"column":15},"end":{"line":38,"column":16}},"loc":{"start":{"line":38,"column":21},"end":{"line":46,"column":2}},"line":38},"5":{"name":"(anonymous_5)","decl":{"start":{"line":48,"column":11},"end":{"line":48,"column":12}},"loc":{"start":{"line":48,"column":17},"end":{"line":54,"column":2}},"line":48},"6":{"name":"(anonymous_6)","decl":{"start":{"line":50,"column":38},"end":{"line":50,"column":39}},"loc":{"start":{"line":50,"column":44},"end":{"line":52,"column":3}},"line":50}},"branchMap":{"0":{"loc":{"start":{"line":17,"column":1},"end":{"line":30,"column":2}},"type":"if","locations":[{"start":{"line":17,"column":1},"end":{"line":30,"column":2}},{"start":{"line":28,"column":8},"end":{"line":30,"column":2}}],"line":17},"1":{"loc":{"start":{"line":21,"column":3},"end":{"line":25,"column":4}},"type":"if","locations":[{"start":{"line":21,"column":3},"end":{"line":25,"column":4}},{"start":{"line":23,"column":10},"end":{"line":25,"column":4}}],"line":21},"2":{"loc":{"start":{"line":39,"column":2},"end":{"line":45,"column":3}},"type":"if","locations":[{"start":{"line":39,"column":2},"end":{"line":45,"column":3}},{"start":{},"end":{}}],"line":39},"3":{"loc":{"start":{"line":40,"column":3},"end":{"line":44,"column":4}},"type":"if","locations":[{"start":{"line":40,"column":3},"end":{"line":44,"column":4}},{"start":{"line":42,"column":10},"end":{"line":44,"column":4}}],"line":40},"4":{"loc":{"start":{"line":49,"column":2},"end":{"line":49,"column":44}},"type":"if","locations":[{"start":{"line":49,"column":2},"end":{"line":49,"column":44}},{"start":{},"end":{}}],"line":49},"5":{"loc":{"start":{"line":49,"column":6},"end":{"line":49,"column":35}},"type":"binary-expr","locations":[{"start":{"line":49,"column":6},"end":{"line":49,"column":22}},{"start":{"line":49,"column":26},"end":{"line":49,"column":35}}],"line":49}},"s":{"0":2,"1":7,"2":2,"3":3,"4":3,"5":2,"6":2,"7":2,"8":1,"9":1,"10":2,"11":1,"12":3,"13":2,"14":4,"15":4,"16":4,"17":4,"18":4,"19":4,"20":0,"21":4,"22":4,"23":1,"24":3,"25":2,"26":3,"27":4},"f":{"0":7,"1":3,"2":2,"3":4,"4":4,"5":4,"6":2},"b":{"0":[2,1],"1":[1,1],"2":[4,0],"3":[4,0],"4":[1,3],"5":[4,3]},"_coverageSchema":"1a1c01bbd47fc00a2c39e90264f33305004495a9","hash":"cf0b638d820f9ef747b7365e965f62e00859454b"}
,"/Users/melon95/repository/react-hooks/src/effect/useThrottleEffect/index.ts": {"path":"/Users/melon95/repository/react-hooks/src/effect/useThrottleEffect/index.ts","statementMap":{"0":{"start":{"line":5,"column":26},"end":{"line":21,"column":1}},"1":{"start":{"line":10,"column":25},"end":{"line":10,"column":37}},"2":{"start":{"line":12,"column":17},"end":{"line":14,"column":12}},"3":{"start":{"line":13,"column":2},"end":{"line":13,"column":14}},"4":{"start":{"line":16,"column":1},"end":{"line":18,"column":10}},"5":{"start":{"line":17,"column":2},"end":{"line":17,"column":15}},"6":{"start":{"line":20,"column":1},"end":{"line":20,"column":33}}},"fnMap":{"0":{"name":"(anonymous_0)","decl":{"start":{"line":5,"column":26},"end":{"line":5,"column":27}},"loc":{"start":{"line":9,"column":5},"end":{"line":21,"column":1}},"line":9},"1":{"name":"(anonymous_1)","decl":{"start":{"line":12,"column":31},"end":{"line":12,"column":32}},"loc":{"start":{"line":12,"column":37},"end":{"line":14,"column":2}},"line":12},"2":{"name":"(anonymous_2)","decl":{"start":{"line":16,"column":11},"end":{"line":16,"column":12}},"loc":{"start":{"line":16,"column":17},"end":{"line":18,"column":2}},"line":16}},"branchMap":{},"s":{"0":1,"1":8,"2":8,"3":4,"4":8,"5":4,"6":8},"f":{"0":8,"1":4,"2":4},"b":{},"_coverageSchema":"1a1c01bbd47fc00a2c39e90264f33305004495a9","hash":"bb0d27cc348a37a7f613c3342ae3dba82f8efb1d"}
,"/Users/melon95/repository/react-hooks/src/effect/useThrottleFn/index.ts": {"path":"/Users/melon95/repository/react-hooks/src/effect/useThrottleFn/index.ts","statementMap":{"0":{"start":{"line":15,"column":22},"end":{"line":29,"column":1}},"1":{"start":{"line":19,"column":58},"end":{"line":19,"column":65}},"2":{"start":{"line":20,"column":21},"end":{"line":23,"column":2}},"3":{"start":{"line":24,"column":1},"end":{"line":28,"column":3}}},"fnMap":{"0":{"name":"(anonymous_0)","decl":{"start":{"line":15,"column":22},"end":{"line":15,"column":23}},"loc":{"start":{"line":18,"column":29},"end":{"line":29,"column":1}},"line":18}},"branchMap":{"0":{"loc":{"start":{"line":17,"column":1},"end":{"line":17,"column":35}},"type":"default-arg","locations":[{"start":{"line":17,"column":33},"end":{"line":17,"column":35}}],"line":17},"1":{"loc":{"start":{"line":19,"column":9},"end":{"line":19,"column":20}},"type":"default-arg","locations":[{"start":{"line":19,"column":16},"end":{"line":19,"column":20}}],"line":19},"2":{"loc":{"start":{"line":19,"column":22},"end":{"line":19,"column":36}},"type":"default-arg","locations":[{"start":{"line":19,"column":32},"end":{"line":19,"column":36}}],"line":19},"3":{"loc":{"start":{"line":19,"column":38},"end":{"line":19,"column":53}},"type":"default-arg","locations":[{"start":{"line":19,"column":49},"end":{"line":19,"column":53}}],"line":19}},"s":{"0":2,"1":9,"2":9,"3":9},"f":{"0":9},"b":{"0":[0],"1":[0],"2":[9],"3":[9]},"_coverageSchema":"1a1c01bbd47fc00a2c39e90264f33305004495a9","hash":"0456a5c1c660c52b54015184a4b639a7fb8bda7b"}
[...]
,"/Users/melon95/repository/react-hooks/src/state/useToggle/index.ts": {"path":"/Users/melon95/repository/react-hooks/src/state/useToggle/index.ts","statementMap":{"0":{"start":{"line":14,"column":27},"end":{"line":14,"column":53}},"1":{"start":{"line":15,"column":16},"end":{"line":26,"column":7}},"2":{"start":{"line":16,"column":18},"end":{"line":16,"column":43}},"3":{"start":{"line":16,"column":24},"end":{"line":16,"column":43}},"4":{"start":{"line":17,"column":19},"end":{"line":17,"column":45}},"5":{"start":{"line":17,"column":25},"end":{"line":17,"column":45}},"6":{"start":{"line":18,"column":17},"end":{"line":19,"column":68}},"7":{"start":{"line":19,"column":3},"end":{"line":19,"column":68}},"8":{"start":{"line":19,"column":23},"end":{"line":19,"column":66}},"9":{"start":{"line":20,"column":2},"end":{"line":25,"column":4}},"10":{"start":{"line":24,"column":26},"end":{"line":24,"column":41}},"11":{"start":{"line":27,"column":1},"end":{"line":27,"column":24}}},"fnMap":{"0":{"name":"useToggle","decl":{"start":{"line":10,"column":9},"end":{"line":10,"column":18}},"loc":{"start":{"line":13,"column":31},"end":{"line":28,"column":1}},"line":13},"1":{"name":"(anonymous_1)","decl":{"start":{"line":15,"column":24},"end":{"line":15,"column":25}},"loc":{"start":{"line":15,"column":30},"end":{"line":26,"column":2}},"line":15},"2":{"name":"(anonymous_2)","decl":{"start":{"line":16,"column":18},"end":{"line":16,"column":19}},"loc":{"start":{"line":16,"column":24},"end":{"line":16,"column":43}},"line":16},"3":{"name":"(anonymous_3)","decl":{"start":{"line":17,"column":19},"end":{"line":17,"column":20}},"loc":{"start":{"line":17,"column":25},"end":{"line":17,"column":45}},"line":17},"4":{"name":"(anonymous_4)","decl":{"start":{"line":18,"column":17},"end":{"line":18,"column":18}},"loc":{"start":{"line":19,"column":3},"end":{"line":19,"column":68}},"line":19},"5":{"name":"(anonymous_5)","decl":{"start":{"line":19,"column":12},"end":{"line":19,"column":13}},"loc":{"start":{"line":19,"column":23},"end":{"line":19,"column":66}},"line":19},"6":{"name":"(anonymous_6)","decl":{"start":{"line":24,"column":8},"end":{"line":24,"column":9}},"loc":{"start":{"line":24,"column":26},"end":{"line":24,"column":41}},"line":24}},"branchMap":{"0":{"loc":{"start":{"line":19,"column":23},"end":{"line":19,"column":66}},"type":"cond-expr","locations":[{"start":{"line":19,"column":44},"end":{"line":19,"column":54}},{"start":{"line":19,"column":57},"end":{"line":19,"column":66}}],"line":19}},"s":{"0":5,"1":5,"2":1,"3":1,"4":1,"5":1,"6":1,"7":1,"8":1,"9":1,"10":1,"11":5},"f":{"0":5,"1":1,"2":1,"3":1,"4":1,"5":1,"6":1},"b":{"0":[1,0]},"_coverageSchema":"1a1c01bbd47fc00a2c39e90264f33305004495a9","hash":"b9454ba8fef2eefab279a8129ed88faec732410e"}
,"/Users/melon95/repository/react-hooks/src/state/useUrlState/index.ts": {"path":"/Users/melon95/repository/react-hooks/src/state/useUrlState/index.ts","statementMap":{"0":{"start":{"line":11,"column":28},"end":{"line":14,"column":10}},"1":{"start":{"line":16,"column":20},"end":{"line":16,"column":41}},"2":{"start":{"line":16,"column":26},"end":{"line":16,"column":41}},"3":{"start":{"line":17,"column":19},"end":{"line":17,"column":39}},"4":{"start":{"line":17,"column":25},"end":{"line":17,"column":39}},"5":{"start":{"line":19,"column":20},"end":{"line":51,"column":1}},"6":{"start":{"line":23,"column":44},"end":{"line":23,"column":57}},"7":{"start":{"line":24,"column":17},"end":{"line":24,"column":29}},"8":{"start":{"line":29,"column":5},"end":{"line":29,"column":18}},"9":{"start":{"line":30,"column":27},"end":{"line":32,"column":2}},"10":{"start":{"line":34,"column":27},"end":{"line":44,"column":2}},"11":{"start":{"line":36,"column":18},"end":{"line":36,"column":64}},"12":{"start":{"line":37,"column":15},"end":{"line":39,"column":4}},"13":{"start":{"line":41,"column":3},"end":{"line":41,"column":70}},"14":{"start":{"line":46,"column":1},"end":{"line":48,"column":32}},"15":{"start":{"line":47,"column":2},"end":{"line":47,"column":27}},"16":{"start":{"line":50,"column":1},"end":{"line":50,"column":26}}},"fnMap":{"0":{"name":"(anonymous_0)","decl":{"start":{"line":16,"column":20},"end":{"line":16,"column":21}},"loc":{"start":{"line":16,"column":26},"end":{"line":16,"column":41}},"line":16},"1":{"name":"(anonymous_1)","decl":{"start":{"line":17,"column":19},"end":{"line":17,"column":20}},"loc":{"start":{"line":17,"column":25},"end":{"line":17,"column":39}},"line":17},"2":{"name":"(anonymous_2)","decl":{"start":{"line":19,"column":20},"end":{"line":19,"column":21}},"loc":{"start":{"line":22,"column":30},"end":{"line":51,"column":1}},"line":22},"3":{"name":"(anonymous_3)","decl":{"start":{"line":35,"column":2},"end":{"line":35,"column":3}},"loc":{"start":{"line":35,"column":16},"end":{"line":42,"column":3}},"line":35},"4":{"name":"(anonymous_4)","decl":{"start":{"line":46,"column":11},"end":{"line":46,"column":12}},"loc":{"start":{"line":46,"column":17},"end":{"line":48,"column":2}},"line":46}},"branchMap":{"0":{"loc":{"start":{"line":26,"column":2},"end":{"line":26,"column":23}},"type":"default-arg","locations":[{"start":{"line":26,"column":17},"end":{"line":26,"column":23}}],"line":26},"1":{"loc":{"start":{"line":29,"column":5},"end":{"line":29,"column":18}},"type":"binary-expr","locations":[{"start":{"line":29,"column":5},"end":{"line":29,"column":12}},{"start":{"line":29,"column":16},"end":{"line":29,"column":18}}],"line":29},"2":{"loc":{"start":{"line":31,"column":2},"end":{"line":31,"column":64}},"type":"binary-expr","locations":[{"start":{"line":31,"column":2},"end":{"line":31,"column":14}},{"start":{"line":31,"column":19},"end":{"line":31,"column":63}}],"line":31},"3":{"loc":{"start":{"line":38,"column":27},"end":{"line":38,"column":53}},"type":"cond-expr","locations":[{"start":{"line":38,"column":36},"end":{"line":38,"column":48}},{"start":{"line":38,"column":51},"end":{"line":38,"column":53}}],"line":38}},"s":{"0":1,"1":1,"2":4,"3":1,"4":4,"5":1,"6":4,"7":4,"8":4,"9":4,"10":4,"11":4,"12":4,"13":4,"14":4,"15":4,"16":4},"f":{"0":4,"1":4,"2":4,"3":4,"4":4},"b":{"0":[4],"1":[4,4],"2":[4,2],"3":[4,0]},"_coverageSchema":"1a1c01bbd47fc00a2c39e90264f33305004495a9","hash":"f1b124573197f6e481c0fec19806fd8c03fee5de"}
,"/Users/melon95/repository/react-hooks/src/useRequest/index.ts": {"path":"/Users/melon95/repository/react-hooks/src/useRequest/index.ts","statementMap":{"0":{"start":{"line":29,"column":19},"end":{"line":103,"column":1}},"1":{"start":{"line":30,"column":85},"end":{"line":30,"column":92}},"2":{"start":{"line":31,"column":32},"end":{"line":31,"column":47}},"3":{"start":{"line":32,"column":26},"end":{"line":32,"column":43}},"4":{"start":{"line":33,"column":28},"end":{"line":33,"column":45}},"5":{"start":{"line":34,"column":30},"end":{"line":34,"column":70}},"6":{"start":{"line":36,"column":24},"end":{"line":55,"column":4}},"7":{"start":{"line":37,"column":4},"end":{"line":54,"column":6}},"8":{"start":{"line":38,"column":6},"end":{"line":38,"column":24}},"9":{"start":{"line":39,"column":6},"end":{"line":39,"column":23}},"10":{"start":{"line":40,"column":6},"end":{"line":40,"column":22}},"11":{"start":{"line":41,"column":6},"end":{"line":53,"column":8}},"12":{"start":{"line":42,"column":8},"end":{"line":42,"column":21}},"13":{"start":{"line":43,"column":8},"end":{"line":43,"column":25}},"14":{"start":{"line":44,"column":8},"end":{"line":44,"column":33}},"15":{"start":{"line":45,"column":8},"end":{"line":45,"column":21}},"16":{"start":{"line":47,"column":8},"end":{"line":47,"column":19}},"17":{"start":{"line":48,"column":8},"end":{"line":48,"column":25}},"18":{"start":{"line":49,"column":8},"end":{"line":49,"column":28}},"19":{"start":{"line":50,"column":8},"end":{"line":50,"column":17}},"20":{"start":{"line":52,"column":8},"end":{"line":52,"column":40}},"21":{"start":{"line":57,"column":14},"end":{"line":61,"column":4}},"22":{"start":{"line":58,"column":4},"end":{"line":60,"column":6}},"23":{"start":{"line":59,"column":6},"end":{"line":59,"column":17}},"24":{"start":{"line":63,"column":19},"end":{"line":65,"column":4}},"25":{"start":{"line":64,"column":4},"end":{"line":64,"column":32}},"26":{"start":{"line":67,"column":18},"end":{"line":69,"column":4}},"27":{"start":{"line":68,"column":4},"end":{"line":68,"column":15}},"28":{"start":{"line":71,"column":23},"end":{"line":73,"column":4}},"29":{"start":{"line":72,"column":4},"end":{"line":72,"column":27}},"30":{"start":{"line":75,"column":17},"end":{"line":77,"column":4}},"31":{"start":{"line":76,"column":4},"end":{"line":76,"column":21}},"32":{"start":{"line":79,"column":17},"end":{"line":81,"column":4}},"33":{"start":{"line":80,"column":4},"end":{"line":80,"column":17}},"34":{"start":{"line":83,"column":2},"end":{"line":87,"column":4}},"35":{"start":{"line":84,"column":4},"end":{"line":86,"column":5}},"36":{"start":{"line":85,"column":6},"end":{"line":85,"column":24}},"37":{"start":{"line":91,"column":2},"end":{"line":102,"column":3}}},"fnMap":{"0":{"name":"(anonymous_0)","decl":{"start":{"line":29,"column":19},"end":{"line":29,"column":20}},"loc":{"start":{"line":29,"column":136},"end":{"line":103,"column":1}},"line":29},"1":{"name":"(anonymous_1)","decl":{"start":{"line":36,"column":38},"end":{"line":36,"column":39}},"loc":{"start":{"line":36,"column":81},"end":{"line":55,"column":3}},"line":36},"2":{"name":"(anonymous_2)","decl":{"start":{"line":37,"column":23},"end":{"line":37,"column":24}},"loc":{"start":{"line":37,"column":44},"end":{"line":54,"column":5}},"line":37},"3":{"name":"(anonymous_3)","decl":{"start":{"line":41,"column":27},"end":{"line":41,"column":28}},"loc":{"start":{"line":41,"column":37},"end":{"line":46,"column":7}},"line":41},"4":{"name":"(anonymous_4)","decl":{"start":{"line":46,"column":15},"end":{"line":46,"column":16}},"loc":{"start":{"line":46,"column":22},"end":{"line":51,"column":7}},"line":46},"5":{"name":"(anonymous_5)","decl":{"start":{"line":51,"column":17},"end":{"line":51,"column":18}},"loc":{"start":{"line":51,"column":23},"end":{"line":53,"column":7}},"line":51},"6":{"name":"(anonymous_6)","decl":{"start":{"line":57,"column":28},"end":{"line":57,"column":29}},"loc":{"start":{"line":57,"column":49},"end":{"line":61,"column":3}},"line":57},"7":{"name":"(anonymous_7)","decl":{"start":{"line":58,"column":32},"end":{"line":58,"column":33}},"loc":{"start":{"line":58,"column":46},"end":{"line":60,"column":5}},"line":58},"8":{"name":"(anonymous_8)","decl":{"start":{"line":63,"column":33},"end":{"line":63,"column":34}},"loc":{"start":{"line":63,"column":60},"end":{"line":65,"column":3}},"line":63},"9":{"name":"(anonymous_9)","decl":{"start":{"line":67,"column":32},"end":{"line":67,"column":33}},"loc":{"start":{"line":67,"column":38},"end":{"line":69,"column":3}},"line":67},"10":{"name":"(anonymous_10)","decl":{"start":{"line":71,"column":37},"end":{"line":71,"column":38}},"loc":{"start":{"line":71,"column":49},"end":{"line":73,"column":3}},"line":71},"11":{"name":"(anonymous_11)","decl":{"start":{"line":75,"column":31},"end":{"line":75,"column":32}},"loc":{"start":{"line":75,"column":37},"end":{"line":77,"column":3}},"line":75},"12":{"name":"(anonymous_12)","decl":{"start":{"line":79,"column":31},"end":{"line":79,"column":32}},"loc":{"start":{"line":79,"column":78},"end":{"line":81,"column":3}},"line":79},"13":{"name":"(anonymous_13)","decl":{"start":{"line":83,"column":11},"end":{"line":83,"column":12}},"loc":{"start":{"line":83,"column":17},"end":{"line":87,"column":3}},"line":83}},"branchMap":{"0":{"loc":{"start":{"line":29,"column":70},"end":{"line":29,"column":107}},"type":"default-arg","locations":[{"start":{"line":29,"column":105},"end":{"line":29,"column":107}}],"line":29},"1":{"loc":{"start":{"line":30,"column":10},"end":{"line":30,"column":24}},"type":"default-arg","locations":[{"start":{"line":30,"column":19},"end":{"line":30,"column":24}}],"line":30},"2":{"loc":{"start":{"line":84,"column":4},"end":{"line":86,"column":5}},"type":"if","locations":[{"start":{"line":84,"column":4},"end":{"line":86,"column":5}},{"start":{},"end":{}}],"line":84}},"s":{"0":1,"1":30,"2":30,"3":30,"4":30,"5":30,"6":30,"7":10,"8":10,"9":10,"10":10,"11":10,"12":6,"13":6,"14":6,"15":6,"16":4,"17":4,"18":4,"19":4,"20":10,"21":30,"22":8,"23":3,"24":30,"25":2,"26":30,"27":0,"28":30,"29":0,"30":30,"31":0,"32":30,"33":1,"34":30,"35":6,"36":4,"37":30},"f":{"0":30,"1":10,"2":10,"3":6,"4":4,"5":10,"6":8,"7":3,"8":2,"9":0,"10":0,"11":0,"12":1,"13":6},"b":{"0":[0],"1":[19],"2":[4,2]},"_coverageSchema":"1a1c01bbd47fc00a2c39e90264f33305004495a9","hash":"4a34891397f863479420981dfbcbe12304943912"}
,"/Users/melon95/repository/react-hooks/src/utils/env.ts": {"path":"/Users/melon95/repository/react-hooks/src/utils/env.ts","statementMap":{"0":{"start":{"line":1,"column":21},"end":{"line":1,"column":59}}},"fnMap":{},"branchMap":{},"s":{"0":15},"f":{},"b":{},"_coverageSchema":"1a1c01bbd47fc00a2c39e90264f33305004495a9","hash":"6a131b18d75032763d104bf13a351ddf88201481"}
,"/Users/melon95/repository/react-hooks/src/utils/index.ts": {"path":"/Users/melon95/repository/react-hooks/src/utils/index.ts","statementMap":{},"fnMap":{},"branchMap":{},"s":{},"f":{},"b":{},"_coverageSchema":"1a1c01bbd47fc00a2c39e90264f33305004495a9","hash":"257ce7daf343daa3d8cb1e2504e4c30f7bebb5ef"}
,"/Users/melon95/repository/react-hooks/src/utils/testingHelpers.ts": {"path":"/Users/melon95/repository/react-hooks/src/utils/testingHelpers.ts","statementMap":{"0":{"start":{"line":2,"column":2},"end":{"line":6,"column":5}},"1":{"start":{"line":3,"column":4},"end":{"line":5,"column":13}},"2":{"start":{"line":4,"column":6},"end":{"line":4,"column":16}},"3":{"start":{"line":10,"column":2},"end":{"line":18,"column":4}},"4":{"start":{"line":11,"column":4},"end":{"line":17,"column":12}},"5":{"start":{"line":12,"column":6},"end":{"line":16,"column":7}},"6":{"start":{"line":13,"column":8},"end":{"line":13,"column":34}},"7":{"start":{"line":15,"column":8},"end":{"line":15,"column":27}}},"fnMap":{"0":{"name":"sleep","decl":{"start":{"line":1,"column":16},"end":{"line":1,"column":21}},"loc":{"start":{"line":1,"column":36},"end":{"line":7,"column":1}},"line":1},"1":{"name":"(anonymous_1)","decl":{"start":{"line":2,"column":27},"end":{"line":2,"column":28}},"loc":{"start":{"line":2,"column":40},"end":{"line":6,"column":3}},"line":2},"2":{"name":"(anonymous_2)","decl":{"start":{"line":3,"column":15},"end":{"line":3,"column":16}},"loc":{"start":{"line":3,"column":21},"end":{"line":5,"column":5}},"line":3},"3":{"name":"request","decl":{"start":{"line":9,"column":16},"end":{"line":9,"column":23}},"loc":{"start":{"line":9,"column":29},"end":{"line":19,"column":1}},"line":9},"4":{"name":"(anonymous_4)","decl":{"start":{"line":10,"column":21},"end":{"line":10,"column":22}},"loc":{"start":{"line":11,"column":4},"end":{"line":17,"column":12}},"line":11},"5":{"name":"(anonymous_5)","decl":{"start":{"line":11,"column":15},"end":{"line":11,"column":16}},"loc":{"start":{"line":11,"column":21},"end":{"line":17,"column":5}},"line":11}},"branchMap":{"0":{"loc":{"start":{"line":12,"column":6},"end":{"line":16,"column":7}},"type":"if","locations":[{"start":{"line":12,"column":6},"end":{"line":16,"column":7}},{"start":{"line":14,"column":13},"end":{"line":16,"column":7}}],"line":12}},"s":{"0":0,"1":0,"2":0,"3":10,"4":10,"5":10,"6":4,"7":6},"f":{"0":0,"1":0,"2":0,"3":10,"4":10,"5":10},"b":{"0":[4,6]},"_coverageSchema":"1a1c01bbd47fc00a2c39e90264f33305004495a9","hash":"dd5a03e90028ef4de60636f4a48f14206d9ba34b"}
,"/Users/melon95/repository/react-hooks/src/utils/tools.ts": {"path":"/Users/melon95/repository/react-hooks/src/utils/tools.ts","statementMap":{"0":{"start":{"line":1,"column":21},"end":{"line":2,"column":52}},"1":{"start":{"line":2,"column":1},"end":{"line":2,"column":52}},"2":{"start":{"line":2,"column":26},"end":{"line":2,"column":51}}},"fnMap":{"0":{"name":"(anonymous_0)","decl":{"start":{"line":1,"column":21},"end":{"line":1,"column":22}},"loc":{"start":{"line":2,"column":1},"end":{"line":2,"column":52}},"line":2},"1":{"name":"(anonymous_1)","decl":{"start":{"line":2,"column":13},"end":{"line":2,"column":14}},"loc":{"start":{"line":2,"column":26},"end":{"line":2,"column":51}},"line":2}},"branchMap":{},"s":{"0":9,"1":60,"2":60},"f":{"0":60,"1":60},"b":{},"_coverageSchema":"1a1c01bbd47fc00a2c39e90264f33305004495a9","hash":"26438295535e7feaeacead4bbb35856f78992bd0"}
,"/Users/melon95/repository/react-hooks/src/utils/type.ts": {"path":"/Users/melon95/repository/react-hooks/src/utils/type.ts","statementMap":{"0":{"start":{"line":1,"column":26},"end":{"line":2,"column":28}},"1":{"start":{"line":2,"column":1},"end":{"line":2,"column":28}},"2":{"start":{"line":4,"column":23},"end":{"line":5,"column":21}},"3":{"start":{"line":5,"column":1},"end":{"line":5,"column":21}},"4":{"start":{"line":7,"column":17},"end":{"line":7,"column":42}},"5":{"start":{"line":9,"column":24},"end":{"line":10,"column":43}},"6":{"start":{"line":10,"column":1},"end":{"line":10,"column":43}},"7":{"start":{"line":12,"column":24},"end":{"line":13,"column":26}},"8":{"start":{"line":13,"column":1},"end":{"line":13,"column":26}},"9":{"start":{"line":15,"column":25},"end":{"line":16,"column":27}},"10":{"start":{"line":16,"column":1},"end":{"line":16,"column":27}},"11":{"start":{"line":18,"column":24},"end":{"line":19,"column":26}},"12":{"start":{"line":19,"column":1},"end":{"line":19,"column":26}}},"fnMap":{"0":{"name":"(anonymous_0)","decl":{"start":{"line":1,"column":26},"end":{"line":1,"column":27}},"loc":{"start":{"line":2,"column":1},"end":{"line":2,"column":28}},"line":2},"1":{"name":"(anonymous_1)","decl":{"start":{"line":4,"column":23},"end":{"line":4,"column":24}},"loc":{"start":{"line":5,"column":1},"end":{"line":5,"column":21}},"line":5},"2":{"name":"(anonymous_2)","decl":{"start":{"line":9,"column":24},"end":{"line":9,"column":25}},"loc":{"start":{"line":10,"column":1},"end":{"line":10,"column":43}},"line":10},"3":{"name":"(anonymous_3)","decl":{"start":{"line":12,"column":24},"end":{"line":12,"column":25}},"loc":{"start":{"line":13,"column":1},"end":{"line":13,"column":26}},"line":13},"4":{"name":"(anonymous_4)","decl":{"start":{"line":15,"column":25},"end":{"line":15,"column":26}},"loc":{"start":{"line":16,"column":1},"end":{"line":16,"column":27}},"line":16},"5":{"name":"(anonymous_5)","decl":{"start":{"line":18,"column":24},"end":{"line":18,"column":25}},"loc":{"start":{"line":19,"column":1},"end":{"line":19,"column":26}},"line":19}},"branchMap":{},"s":{"0":15,"1":26,"2":15,"3":0,"4":15,"5":15,"6":0,"7":15,"8":5,"9":15,"10":0,"11":15,"12":0},"f":{"0":26,"1":0,"2":0,"3":5,"4":0,"5":0},"b":{},"_coverageSchema":"1a1c01bbd47fc00a2c39e90264f33305004495a9","hash":"0ea346e2ae969494c709e8c26360c8b2ae17d498"}
}
