TN:
SF:src/useMount/index.ts
FN:4,useMount
FNF:1
FNH:1
FNDA:3,useMount
DA:1,1
DA:2,1
DA:3,1
DA:4,1
DA:5,3
DA:6,0
DA:7,0
DA:8,0
DA:9,0
DA:10,3
DA:11,2
DA:12,3
DA:13,3
DA:14,1
DA:15,1
LF:15
LH:11
BRDA:4,0,0,3
BRDA:5,1,0,0
BRDA:10,2,0,2
BRDA:11,3,0,0
BRF:4
BRH:2
end_of_record
TN:
SF:src/useUnmount/index.ts
FN:4,useUnmount
FNF:1
FNH:1
FNDA:2,useUnmount
DA:1,1
DA:2,1
DA:3,1
DA:4,1
DA:5,2
DA:6,0
DA:7,0
DA:8,0
DA:9,0
DA:10,2
DA:11,2
DA:12,2
DA:13,1
DA:14,1
DA:15,1
DA:16,2
DA:17,2
DA:18,1
DA:19,1
LF:19
LH:15
BRDA:4,0,0,2
BRDA:5,1,0,0
BRDA:12,2,0,1
BRDA:13,3,0,1
BRDA:14,4,0,0
BRF:5
BRH:3
end_of_record
TN:
SF:src/utils/env.js
FNF:0
FNH:0
DA:1,1
DA:2,1
DA:3,1
DA:4,1
LF:4
LH:4
BRF:0
BRH:0
end_of_record
TN:
SF:src/utils/index.js
FN:2,Object.<anonymous>.__createBinding
FN:6,get
FN:9,Object.<anonymous>.__createBinding
FN:13,Object.<anonymous>.__exportStar
FNF:4
FNH:3
FNDA:14,Object.<anonymous>.__createBinding
FNDA:5,get
FNDA:0,Object.<anonymous>.__createBinding
FNDA:4,Object.<anonymous>.__exportStar
DA:1,1
DA:2,1
DA:3,14
DA:4,14
DA:5,14
DA:6,14
DA:7,14
DA:8,14
DA:9,1
DA:10,0
DA:11,0
DA:12,1
DA:13,1
DA:14,4
DA:15,4
DA:16,1
DA:17,1
DA:18,1
LF:18
LH:16
BRDA:2,0,0,0
BRDA:9,1,0,0
BRDA:13,2,0,0
BRDA:2,3,0,14
BRDA:5,4,0,0
BRDA:5,5,0,0
BRDA:6,6,0,5
BRDA:13,7,0,4
BRDA:14,8,0,14
BRF:9
BRH:4
end_of_record
TN:
SF:src/utils/type.js
FN:4,isFunction
FN:6,isArray
FN:9,isObject
FN:11,isString
FN:13,isBoolean
FN:15,isNumber
FNF:6
FNH:0
FNDA:0,isFunction
FNDA:0,isArray
FNDA:0,isObject
FNDA:0,isString
FNDA:0,isBoolean
FNDA:0,isNumber
DA:1,1
DA:2,1
DA:3,1
DA:4,1
DA:5,1
DA:6,1
DA:7,1
DA:8,1
DA:9,1
DA:10,1
DA:11,1
DA:12,1
DA:13,1
DA:14,1
DA:15,1
DA:16,1
LF:16
LH:16
BRF:0
BRH:0
end_of_record
