TN:
SF:src/useBoolean/index.ts
FN:12,useBoolean
FN:15,setFalse
FN:16,setTrue
FN:17,toggle
FNF:4
FNH:4
FNDA:7,useBoolean
FNDA:1,setFalse
FNDA:1,setTrue
FNDA:2,toggle
DA:1,1
DA:2,1
DA:3,1
DA:4,1
DA:5,1
DA:6,1
DA:7,1
DA:8,1
DA:9,1
DA:10,1
DA:11,1
DA:12,1
DA:13,7
DA:14,7
DA:15,1
DA:16,1
DA:17,1
DA:18,1
DA:19,1
DA:20,1
DA:21,1
DA:22,1
DA:23,1
DA:24,7
DA:25,7
DA:26,7
DA:27,1
DA:28,1
LF:28
LH:28
BRDA:12,0,0,7
BRDA:14,1,0,1
BRDA:15,2,0,1
BRDA:16,3,0,1
BRDA:17,4,0,2
BRDA:17,5,0,2
BRF:6
BRH:6
end_of_record
TN:
SF:src/useMount/index.ts
FN:4,useMount
FNF:1
FNH:1
FNDA:3,useMount
DA:1,1
DA:2,1
DA:3,1
DA:4,1
DA:5,3
DA:6,0
DA:7,0
DA:8,0
DA:9,0
DA:10,3
DA:11,2
DA:12,3
DA:13,3
DA:14,1
DA:15,1
LF:15
LH:11
BRDA:4,0,0,3
BRDA:5,1,0,0
BRDA:10,2,0,2
BRF:3
BRH:2
end_of_record
TN:
SF:src/useUnmount/index.ts
FN:4,useUnmount
FNF:1
FNH:1
FNDA:4,useUnmount
DA:1,1
DA:2,1
DA:3,1
DA:4,1
DA:5,4
DA:6,0
DA:7,0
DA:8,0
DA:9,0
DA:10,4
DA:11,4
DA:12,4
DA:13,2
DA:14,2
DA:15,2
DA:16,4
DA:17,4
DA:18,1
DA:19,1
LF:19
LH:15
BRDA:4,0,0,4
BRDA:5,1,0,0
BRDA:12,2,0,2
BRDA:13,3,0,2
BRF:4
BRH:3
end_of_record
TN:
SF:src/useUnmountedRef/index.ts
FN:4,useUnmountedRef
FNF:1
FNH:1
FNDA:2,useUnmountedRef
DA:1,1
DA:2,1
DA:3,1
DA:4,1
DA:5,2
DA:6,2
DA:7,2
DA:8,1
DA:9,2
DA:10,2
DA:11,2
DA:12,1
DA:13,1
LF:13
LH:13
BRDA:4,0,0,2
BRDA:7,1,0,1
BRF:2
BRH:2
end_of_record
TN:
SF:src/utils/env.js
FN:1,Object.<anonymous>
FNF:1
FNH:1
FNDA:3,Object.<anonymous>
DA:1,3
DA:2,3
DA:3,3
DA:4,3
LF:4
LH:4
BRDA:1,0,0,3
BRDA:1,1,0,3
BRF:2
BRH:2
end_of_record
TN:
SF:src/utils/index.js
FN:1,Object.<anonymous>
FN:6,get
FN:13,Object.<anonymous>.__exportStar
FNF:3
FNH:3
FNDA:3,Object.<anonymous>
FNDA:7,get
FNDA:6,Object.<anonymous>.__exportStar
DA:1,3
DA:2,3
DA:3,21
DA:4,21
DA:5,21
DA:6,21
DA:7,21
DA:8,21
DA:9,3
DA:10,0
DA:11,0
DA:12,3
DA:13,3
DA:14,6
DA:15,3
DA:16,3
DA:17,3
DA:18,3
LF:18
LH:16
BRDA:1,0,0,3
BRDA:1,1,0,3
BRDA:9,2,0,0
BRDA:2,3,0,21
BRDA:5,4,0,0
BRDA:5,5,0,0
BRDA:6,6,0,7
BRDA:13,7,0,6
BRDA:14,8,0,21
BRF:9
BRH:6
end_of_record
TN:
SF:src/utils/type.js
FN:1,Object.<anonymous>
FN:4,isFunction
FN:6,isArray
FN:9,isObject
FN:11,isString
FN:13,isBoolean
FN:15,isNumber
FNF:7
FNH:1
FNDA:3,Object.<anonymous>
FNDA:0,isFunction
FNDA:0,isArray
FNDA:0,isObject
FNDA:0,isString
FNDA:0,isBoolean
FNDA:0,isNumber
DA:1,3
DA:2,3
DA:3,3
DA:4,3
DA:5,3
DA:6,3
DA:7,3
DA:8,3
DA:9,3
DA:10,3
DA:11,3
DA:12,3
DA:13,3
DA:14,3
DA:15,3
DA:16,3
LF:16
LH:16
BRDA:1,0,0,3
BRDA:1,1,0,3
BRF:2
BRH:2
end_of_record
